INFO - 2023-12-20 03:31:52 --> Session: Class initialized using 'CodeIgniter\Session\Handlers\FileHandler' driver.
ERROR - 2023-12-20 03:32:00 --> Error connecting to the database: mysqli_sql_exception: No connection could be made because the target machine actively refused it in F:\XAMPP\htdocs\WDPF55_CI\CI_project\system\Database\MySQLi\Connection.php:185
Stack trace:
#0 F:\XAMPP\htdocs\WDPF55_CI\CI_project\system\Database\MySQLi\Connection.php(185): mysqli->real_connect('localhost', 'root', '', 'wdpf55_ci_proje...', 3306, '', 0)
#1 F:\XAMPP\htdocs\WDPF55_CI\CI_project\system\Database\BaseConnection.php(392): CodeIgniter\Database\MySQLi\Connection->connect(false)
#2 F:\XAMPP\htdocs\WDPF55_CI\CI_project\system\Database\BaseConnection.php(575): CodeIgniter\Database\BaseConnection->initialize()
#3 F:\XAMPP\htdocs\WDPF55_CI\CI_project\system\Database\BaseBuilder.php(1615): CodeIgniter\Database\BaseConnection->query('SELECT *\nFROM `...', Array, false)
#4 F:\XAMPP\htdocs\WDPF55_CI\CI_project\system\Model.php(237): CodeIgniter\Database\BaseBuilder->get()
#5 F:\XAMPP\htdocs\WDPF55_CI\CI_project\system\BaseModel.php(624): CodeIgniter\Model->doFindAll(0, 0)
#6 F:\XAMPP\htdocs\WDPF55_CI\CI_project\app\Controllers\Product.php(24): CodeIgniter\BaseModel->findAll()
#7 F:\XAMPP\htdocs\WDPF55_CI\CI_project\system\CodeIgniter.php(942): App\Controllers\Product->index()
#8 F:\XAMPP\htdocs\WDPF55_CI\CI_project\system\CodeIgniter.php(502): CodeIgniter\CodeIgniter->runController(Object(App\Controllers\Product))
#9 F:\XAMPP\htdocs\WDPF55_CI\CI_project\system\CodeIgniter.php(361): CodeIgniter\CodeIgniter->handleRequest(NULL, Object(Config\Cache), false)
#10 F:\XAMPP\htdocs\WDPF55_CI\CI_project\public\index.php(79): CodeIgniter\CodeIgniter->run()
#11 F:\XAMPP\htdocs\WDPF55_CI\CI_project\system\Commands\Server\rewrite.php(47): require_once('F:\\XAMPP\\htdocs...')
#12 {main}

Next CodeIgniter\Database\Exceptions\DatabaseException: No connection could be made because the target machine actively refused it in F:\XAMPP\htdocs\WDPF55_CI\CI_project\system\Database\MySQLi\Connection.php:229
Stack trace:
#0 F:\XAMPP\htdocs\WDPF55_CI\CI_project\system\Database\BaseConnection.php(392): CodeIgniter\Database\MySQLi\Connection->connect(false)
#1 F:\XAMPP\htdocs\WDPF55_CI\CI_project\system\Database\BaseConnection.php(575): CodeIgniter\Database\BaseConnection->initialize()
#2 F:\XAMPP\htdocs\WDPF55_CI\CI_project\system\Database\BaseBuilder.php(1615): CodeIgniter\Database\BaseConnection->query('SELECT *\nFROM `...', Array, false)
#3 F:\XAMPP\htdocs\WDPF55_CI\CI_project\system\Model.php(237): CodeIgniter\Database\BaseBuilder->get()
#4 F:\XAMPP\htdocs\WDPF55_CI\CI_project\system\BaseModel.php(624): CodeIgniter\Model->doFindAll(0, 0)
#5 F:\XAMPP\htdocs\WDPF55_CI\CI_project\app\Controllers\Product.php(24): CodeIgniter\BaseModel->findAll()
#6 F:\XAMPP\htdocs\WDPF55_CI\CI_project\system\CodeIgniter.php(942): App\Controllers\Product->index()
#7 F:\XAMPP\htdocs\WDPF55_CI\CI_project\system\CodeIgniter.php(502): CodeIgniter\CodeIgniter->runController(Object(App\Controllers\Product))
#8 F:\XAMPP\htdocs\WDPF55_CI\CI_project\system\CodeIgniter.php(361): CodeIgniter\CodeIgniter->handleRequest(NULL, Object(Config\Cache), false)
#9 F:\XAMPP\htdocs\WDPF55_CI\CI_project\public\index.php(79): CodeIgniter\CodeIgniter->run()
#10 F:\XAMPP\htdocs\WDPF55_CI\CI_project\system\Commands\Server\rewrite.php(47): require_once('F:\\XAMPP\\htdocs...')
#11 {main}
CRITICAL - 2023-12-20 03:32:00 --> Unable to connect to the database.
Main connection [MySQLi]: No connection could be made because the target machine actively refused it
in SYSTEMPATH\Database\BaseConnection.php on line 428.
 1 SYSTEMPATH\Database\BaseConnection.php(575): CodeIgniter\Database\BaseConnection->initialize()
 2 SYSTEMPATH\Database\BaseBuilder.php(1615): CodeIgniter\Database\BaseConnection->query('SELECT *
FROM `products`
JOIN `category` ON `category`.`id`= `products`.`category_id`', [], false)
 3 SYSTEMPATH\Model.php(237): CodeIgniter\Database\BaseBuilder->get()
 4 SYSTEMPATH\BaseModel.php(624): CodeIgniter\Model->doFindAll(0, 0)
 5 APPPATH\Controllers\Product.php(24): CodeIgniter\BaseModel->findAll()
 6 SYSTEMPATH\CodeIgniter.php(942): App\Controllers\Product->index()
 7 SYSTEMPATH\CodeIgniter.php(502): CodeIgniter\CodeIgniter->runController(Object(App\Controllers\Product))
 8 SYSTEMPATH\CodeIgniter.php(361): CodeIgniter\CodeIgniter->handleRequest(null, Object(Config\Cache), false)
 9 FCPATH\index.php(79): CodeIgniter\CodeIgniter->run()
10 SYSTEMPATH\Commands\Server\rewrite.php(47): require_once('F:\\XAMPP\\htdocs\\WDPF55_CI\\CI_project\\public\\index.php')
CRITICAL - 2023-12-20 03:45:17 --> Undefined variable $data
in APPPATH\Views\products\index.php on line 33.
 1 APPPATH\Views\products\index.php(33): CodeIgniter\Debug\Exceptions->errorHandler(2, 'Undefined variable $data', 'F:\\XAMPP\\htdocs\\WDPF55_CI\\CI_project\\app\\Views\\products\\index.php', 33)
 2 SYSTEMPATH\View\View.php(228): include('F:\\XAMPP\\htdocs\\WDPF55_CI\\CI_project\\app\\Views\\products\\index.php')
 3 SYSTEMPATH\View\View.php(231): CodeIgniter\View\View->CodeIgniter\View\{closure}()
 4 SYSTEMPATH\Common.php(1190): CodeIgniter\View\View->render('products/index', [], true)
 5 APPPATH\Controllers\Product.php(27): view('products/index', [...])
 6 SYSTEMPATH\CodeIgniter.php(942): App\Controllers\Product->index()
 7 SYSTEMPATH\CodeIgniter.php(502): CodeIgniter\CodeIgniter->runController(Object(App\Controllers\Product))
 8 SYSTEMPATH\CodeIgniter.php(361): CodeIgniter\CodeIgniter->handleRequest(null, Object(Config\Cache), false)
 9 FCPATH\index.php(79): CodeIgniter\CodeIgniter->run()
10 SYSTEMPATH\Commands\Server\rewrite.php(47): require_once('F:\\XAMPP\\htdocs\\WDPF55_CI\\CI_project\\public\\index.php')
INFO - 2023-12-20 03:45:21 --> Session: Class initialized using 'CodeIgniter\Session\Handlers\FileHandler' driver.
CRITICAL - 2023-12-20 03:45:24 --> Undefined variable $data
in APPPATH\Views\products\index.php on line 33.
 1 APPPATH\Views\products\index.php(33): CodeIgniter\Debug\Exceptions->errorHandler(2, 'Undefined variable $data', 'F:\\XAMPP\\htdocs\\WDPF55_CI\\CI_project\\app\\Views\\products\\index.php', 33)
 2 SYSTEMPATH\View\View.php(228): include('F:\\XAMPP\\htdocs\\WDPF55_CI\\CI_project\\app\\Views\\products\\index.php')
 3 SYSTEMPATH\View\View.php(231): CodeIgniter\View\View->CodeIgniter\View\{closure}()
 4 SYSTEMPATH\Common.php(1190): CodeIgniter\View\View->render('products/index', [], true)
 5 APPPATH\Controllers\Product.php(27): view('products/index', [...])
 6 SYSTEMPATH\CodeIgniter.php(942): App\Controllers\Product->index()
 7 SYSTEMPATH\CodeIgniter.php(502): CodeIgniter\CodeIgniter->runController(Object(App\Controllers\Product))
 8 SYSTEMPATH\CodeIgniter.php(361): CodeIgniter\CodeIgniter->handleRequest(null, Object(Config\Cache), false)
 9 FCPATH\index.php(79): CodeIgniter\CodeIgniter->run()
10 SYSTEMPATH\Commands\Server\rewrite.php(47): require_once('F:\\XAMPP\\htdocs\\WDPF55_CI\\CI_project\\public\\index.php')
CRITICAL - 2023-12-20 03:52:34 --> Undefined variable $data
in APPPATH\Views\products\index.php on line 33.
 1 APPPATH\Views\products\index.php(33): CodeIgniter\Debug\Exceptions->errorHandler(2, 'Undefined variable $data', 'F:\\XAMPP\\htdocs\\WDPF55_CI\\CI_project\\app\\Views\\products\\index.php', 33)
 2 SYSTEMPATH\View\View.php(228): include('F:\\XAMPP\\htdocs\\WDPF55_CI\\CI_project\\app\\Views\\products\\index.php')
 3 SYSTEMPATH\View\View.php(231): CodeIgniter\View\View->CodeIgniter\View\{closure}()
 4 SYSTEMPATH\Common.php(1190): CodeIgniter\View\View->render('products/index', [], true)
 5 APPPATH\Controllers\Product.php(27): view('products/index', [...])
 6 SYSTEMPATH\CodeIgniter.php(942): App\Controllers\Product->index()
 7 SYSTEMPATH\CodeIgniter.php(502): CodeIgniter\CodeIgniter->runController(Object(App\Controllers\Product))
 8 SYSTEMPATH\CodeIgniter.php(361): CodeIgniter\CodeIgniter->handleRequest(null, Object(Config\Cache), false)
 9 FCPATH\index.php(79): CodeIgniter\CodeIgniter->run()
10 SYSTEMPATH\Commands\Server\rewrite.php(47): require_once('F:\\XAMPP\\htdocs\\WDPF55_CI\\CI_project\\public\\index.php')
INFO - 2023-12-20 03:53:03 --> Session: Class initialized using 'CodeIgniter\Session\Handlers\FileHandler' driver.
CRITICAL - 2023-12-20 03:53:06 --> Undefined variable $data
in APPPATH\Views\products\index.php on line 33.
 1 APPPATH\Views\products\index.php(33): CodeIgniter\Debug\Exceptions->errorHandler(2, 'Undefined variable $data', 'F:\\XAMPP\\htdocs\\WDPF55_CI\\CI_project\\app\\Views\\products\\index.php', 33)
 2 SYSTEMPATH\View\View.php(228): include('F:\\XAMPP\\htdocs\\WDPF55_CI\\CI_project\\app\\Views\\products\\index.php')
 3 SYSTEMPATH\View\View.php(231): CodeIgniter\View\View->CodeIgniter\View\{closure}()
 4 SYSTEMPATH\Common.php(1190): CodeIgniter\View\View->render('products/index', [], true)
 5 APPPATH\Controllers\Product.php(27): view('products/index', [...])
 6 SYSTEMPATH\CodeIgniter.php(942): App\Controllers\Product->index()
 7 SYSTEMPATH\CodeIgniter.php(502): CodeIgniter\CodeIgniter->runController(Object(App\Controllers\Product))
 8 SYSTEMPATH\CodeIgniter.php(361): CodeIgniter\CodeIgniter->handleRequest(null, Object(Config\Cache), false)
 9 FCPATH\index.php(79): CodeIgniter\CodeIgniter->run()
10 SYSTEMPATH\Commands\Server\rewrite.php(47): require_once('F:\\XAMPP\\htdocs\\WDPF55_CI\\CI_project\\public\\index.php')
INFO - 2023-12-20 03:54:11 --> Session: Class initialized using 'CodeIgniter\Session\Handlers\FileHandler' driver.
CRITICAL - 2023-12-20 03:54:13 --> Undefined variable $data
in APPPATH\Views\products\index.php on line 33.
 1 APPPATH\Views\products\index.php(33): CodeIgniter\Debug\Exceptions->errorHandler(2, 'Undefined variable $data', 'F:\\XAMPP\\htdocs\\WDPF55_CI\\CI_project\\app\\Views\\products\\index.php', 33)
 2 SYSTEMPATH\View\View.php(228): include('F:\\XAMPP\\htdocs\\WDPF55_CI\\CI_project\\app\\Views\\products\\index.php')
 3 SYSTEMPATH\View\View.php(231): CodeIgniter\View\View->CodeIgniter\View\{closure}()
 4 SYSTEMPATH\Common.php(1190): CodeIgniter\View\View->render('products/index', [], true)
 5 APPPATH\Controllers\Product.php(27): view('products/index', [...])
 6 SYSTEMPATH\CodeIgniter.php(942): App\Controllers\Product->index()
 7 SYSTEMPATH\CodeIgniter.php(502): CodeIgniter\CodeIgniter->runController(Object(App\Controllers\Product))
 8 SYSTEMPATH\CodeIgniter.php(361): CodeIgniter\CodeIgniter->handleRequest(null, Object(Config\Cache), false)
 9 FCPATH\index.php(79): CodeIgniter\CodeIgniter->run()
10 SYSTEMPATH\Commands\Server\rewrite.php(47): require_once('F:\\XAMPP\\htdocs\\WDPF55_CI\\CI_project\\public\\index.php')
INFO - 2023-12-20 03:57:12 --> Session: Class initialized using 'CodeIgniter\Session\Handlers\FileHandler' driver.
CRITICAL - 2023-12-20 03:57:12 --> Undefined variable $data
in APPPATH\Views\dashboard.php on line 30.
 1 APPPATH\Views\dashboard.php(30): CodeIgniter\Debug\Exceptions->errorHandler(2, 'Undefined variable $data', 'F:\\XAMPP\\htdocs\\WDPF55_CI\\CI_project\\app\\Views\\dashboard.php', 30)
 2 SYSTEMPATH\View\View.php(228): include('F:\\XAMPP\\htdocs\\WDPF55_CI\\CI_project\\app\\Views\\dashboard.php')
 3 SYSTEMPATH\View\View.php(231): CodeIgniter\View\View->CodeIgniter\View\{closure}()
 4 SYSTEMPATH\Common.php(1190): CodeIgniter\View\View->render('dashboard', [], true)
 5 APPPATH\Controllers\AdminHome.php(11): view('dashboard')
 6 SYSTEMPATH\CodeIgniter.php(942): App\Controllers\AdminHome->index()
 7 SYSTEMPATH\CodeIgniter.php(502): CodeIgniter\CodeIgniter->runController(Object(App\Controllers\AdminHome))
 8 SYSTEMPATH\CodeIgniter.php(361): CodeIgniter\CodeIgniter->handleRequest(null, Object(Config\Cache), false)
 9 FCPATH\index.php(79): CodeIgniter\CodeIgniter->run()
10 SYSTEMPATH\Commands\Server\rewrite.php(47): require_once('F:\\XAMPP\\htdocs\\WDPF55_CI\\CI_project\\public\\index.php')
INFO - 2023-12-20 03:57:13 --> Session: Class initialized using 'CodeIgniter\Session\Handlers\FileHandler' driver.
CRITICAL - 2023-12-20 03:57:13 --> Undefined variable $data
in APPPATH\Views\dashboard.php on line 30.
 1 APPPATH\Views\dashboard.php(30): CodeIgniter\Debug\Exceptions->errorHandler(2, 'Undefined variable $data', 'F:\\XAMPP\\htdocs\\WDPF55_CI\\CI_project\\app\\Views\\dashboard.php', 30)
 2 SYSTEMPATH\View\View.php(228): include('F:\\XAMPP\\htdocs\\WDPF55_CI\\CI_project\\app\\Views\\dashboard.php')
 3 SYSTEMPATH\View\View.php(231): CodeIgniter\View\View->CodeIgniter\View\{closure}()
 4 SYSTEMPATH\Common.php(1190): CodeIgniter\View\View->render('dashboard', [], true)
 5 APPPATH\Controllers\AdminHome.php(11): view('dashboard')
 6 SYSTEMPATH\CodeIgniter.php(942): App\Controllers\AdminHome->index()
 7 SYSTEMPATH\CodeIgniter.php(502): CodeIgniter\CodeIgniter->runController(Object(App\Controllers\AdminHome))
 8 SYSTEMPATH\CodeIgniter.php(361): CodeIgniter\CodeIgniter->handleRequest(null, Object(Config\Cache), false)
 9 FCPATH\index.php(79): CodeIgniter\CodeIgniter->run()
10 SYSTEMPATH\Commands\Server\rewrite.php(47): require_once('F:\\XAMPP\\htdocs\\WDPF55_CI\\CI_project\\public\\index.php')
INFO - 2023-12-20 03:57:15 --> Session: Class initialized using 'CodeIgniter\Session\Handlers\FileHandler' driver.
CRITICAL - 2023-12-20 03:57:15 --> Undefined variable $data
in APPPATH\Views\dashboard.php on line 30.
 1 APPPATH\Views\dashboard.php(30): CodeIgniter\Debug\Exceptions->errorHandler(2, 'Undefined variable $data', 'F:\\XAMPP\\htdocs\\WDPF55_CI\\CI_project\\app\\Views\\dashboard.php', 30)
 2 SYSTEMPATH\View\View.php(228): include('F:\\XAMPP\\htdocs\\WDPF55_CI\\CI_project\\app\\Views\\dashboard.php')
 3 SYSTEMPATH\View\View.php(231): CodeIgniter\View\View->CodeIgniter\View\{closure}()
 4 SYSTEMPATH\Common.php(1190): CodeIgniter\View\View->render('dashboard', [], true)
 5 APPPATH\Controllers\AdminHome.php(11): view('dashboard')
 6 SYSTEMPATH\CodeIgniter.php(942): App\Controllers\AdminHome->index()
 7 SYSTEMPATH\CodeIgniter.php(502): CodeIgniter\CodeIgniter->runController(Object(App\Controllers\AdminHome))
 8 SYSTEMPATH\CodeIgniter.php(361): CodeIgniter\CodeIgniter->handleRequest(null, Object(Config\Cache), false)
 9 FCPATH\index.php(79): CodeIgniter\CodeIgniter->run()
10 SYSTEMPATH\Commands\Server\rewrite.php(47): require_once('F:\\XAMPP\\htdocs\\WDPF55_CI\\CI_project\\public\\index.php')
INFO - 2023-12-20 04:14:14 --> Session: Class initialized using 'CodeIgniter\Session\Handlers\FileHandler' driver.
CRITICAL - 2023-12-20 04:14:14 --> Undefined variable $data
in APPPATH\Views\dashboard.php on line 30.
 1 APPPATH\Views\dashboard.php(30): CodeIgniter\Debug\Exceptions->errorHandler(2, 'Undefined variable $data', 'F:\\XAMPP\\htdocs\\WDPF55_CI\\CI_project\\app\\Views\\dashboard.php', 30)
 2 SYSTEMPATH\View\View.php(228): include('F:\\XAMPP\\htdocs\\WDPF55_CI\\CI_project\\app\\Views\\dashboard.php')
 3 SYSTEMPATH\View\View.php(231): CodeIgniter\View\View->CodeIgniter\View\{closure}()
 4 SYSTEMPATH\Common.php(1190): CodeIgniter\View\View->render('dashboard', [], true)
 5 APPPATH\Controllers\AdminHome.php(11): view('dashboard')
 6 SYSTEMPATH\CodeIgniter.php(942): App\Controllers\AdminHome->index()
 7 SYSTEMPATH\CodeIgniter.php(502): CodeIgniter\CodeIgniter->runController(Object(App\Controllers\AdminHome))
 8 SYSTEMPATH\CodeIgniter.php(361): CodeIgniter\CodeIgniter->handleRequest(null, Object(Config\Cache), false)
 9 FCPATH\index.php(79): CodeIgniter\CodeIgniter->run()
10 SYSTEMPATH\Commands\Server\rewrite.php(47): require_once('F:\\XAMPP\\htdocs\\WDPF55_CI\\CI_project\\public\\index.php')
INFO - 2023-12-20 04:18:24 --> Session: Class initialized using 'CodeIgniter\Session\Handlers\FileHandler' driver.
CRITICAL - 2023-12-20 04:18:24 --> Undefined variable $data
in APPPATH\Views\dashboard.php on line 30.
 1 APPPATH\Views\dashboard.php(30): CodeIgniter\Debug\Exceptions->errorHandler(2, 'Undefined variable $data', 'F:\\XAMPP\\htdocs\\WDPF55_CI\\CI_project\\app\\Views\\dashboard.php', 30)
 2 SYSTEMPATH\View\View.php(228): include('F:\\XAMPP\\htdocs\\WDPF55_CI\\CI_project\\app\\Views\\dashboard.php')
 3 SYSTEMPATH\View\View.php(231): CodeIgniter\View\View->CodeIgniter\View\{closure}()
 4 SYSTEMPATH\Common.php(1190): CodeIgniter\View\View->render('dashboard', [], true)
 5 APPPATH\Controllers\AdminHome.php(11): view('dashboard')
 6 SYSTEMPATH\CodeIgniter.php(942): App\Controllers\AdminHome->index()
 7 SYSTEMPATH\CodeIgniter.php(502): CodeIgniter\CodeIgniter->runController(Object(App\Controllers\AdminHome))
 8 SYSTEMPATH\CodeIgniter.php(361): CodeIgniter\CodeIgniter->handleRequest(null, Object(Config\Cache), false)
 9 FCPATH\index.php(79): CodeIgniter\CodeIgniter->run()
10 SYSTEMPATH\Commands\Server\rewrite.php(47): require_once('F:\\XAMPP\\htdocs\\WDPF55_CI\\CI_project\\public\\index.php')
INFO - 2023-12-20 04:18:29 --> Session: Class initialized using 'CodeIgniter\Session\Handlers\FileHandler' driver.
CRITICAL - 2023-12-20 04:18:29 --> Undefined variable $data
in APPPATH\Views\dashboard.php on line 30.
 1 APPPATH\Views\dashboard.php(30): CodeIgniter\Debug\Exceptions->errorHandler(2, 'Undefined variable $data', 'F:\\XAMPP\\htdocs\\WDPF55_CI\\CI_project\\app\\Views\\dashboard.php', 30)
 2 SYSTEMPATH\View\View.php(228): include('F:\\XAMPP\\htdocs\\WDPF55_CI\\CI_project\\app\\Views\\dashboard.php')
 3 SYSTEMPATH\View\View.php(231): CodeIgniter\View\View->CodeIgniter\View\{closure}()
 4 SYSTEMPATH\Common.php(1190): CodeIgniter\View\View->render('dashboard', [], true)
 5 APPPATH\Controllers\AdminHome.php(11): view('dashboard')
 6 SYSTEMPATH\CodeIgniter.php(942): App\Controllers\AdminHome->index()
 7 SYSTEMPATH\CodeIgniter.php(502): CodeIgniter\CodeIgniter->runController(Object(App\Controllers\AdminHome))
 8 SYSTEMPATH\CodeIgniter.php(361): CodeIgniter\CodeIgniter->handleRequest(null, Object(Config\Cache), false)
 9 FCPATH\index.php(79): CodeIgniter\CodeIgniter->run()
10 SYSTEMPATH\Commands\Server\rewrite.php(47): require_once('F:\\XAMPP\\htdocs\\WDPF55_CI\\CI_project\\public\\index.php')
INFO - 2023-12-20 04:18:30 --> Session: Class initialized using 'CodeIgniter\Session\Handlers\FileHandler' driver.
CRITICAL - 2023-12-20 04:18:30 --> Undefined variable $data
in APPPATH\Views\dashboard.php on line 30.
 1 APPPATH\Views\dashboard.php(30): CodeIgniter\Debug\Exceptions->errorHandler(2, 'Undefined variable $data', 'F:\\XAMPP\\htdocs\\WDPF55_CI\\CI_project\\app\\Views\\dashboard.php', 30)
 2 SYSTEMPATH\View\View.php(228): include('F:\\XAMPP\\htdocs\\WDPF55_CI\\CI_project\\app\\Views\\dashboard.php')
 3 SYSTEMPATH\View\View.php(231): CodeIgniter\View\View->CodeIgniter\View\{closure}()
 4 SYSTEMPATH\Common.php(1190): CodeIgniter\View\View->render('dashboard', [], true)
 5 APPPATH\Controllers\AdminHome.php(11): view('dashboard')
 6 SYSTEMPATH\CodeIgniter.php(942): App\Controllers\AdminHome->index()
 7 SYSTEMPATH\CodeIgniter.php(502): CodeIgniter\CodeIgniter->runController(Object(App\Controllers\AdminHome))
 8 SYSTEMPATH\CodeIgniter.php(361): CodeIgniter\CodeIgniter->handleRequest(null, Object(Config\Cache), false)
 9 FCPATH\index.php(79): CodeIgniter\CodeIgniter->run()
10 SYSTEMPATH\Commands\Server\rewrite.php(47): require_once('F:\\XAMPP\\htdocs\\WDPF55_CI\\CI_project\\public\\index.php')
INFO - 2023-12-20 04:18:30 --> Session: Class initialized using 'CodeIgniter\Session\Handlers\FileHandler' driver.
CRITICAL - 2023-12-20 04:18:30 --> Undefined variable $data
in APPPATH\Views\dashboard.php on line 30.
 1 APPPATH\Views\dashboard.php(30): CodeIgniter\Debug\Exceptions->errorHandler(2, 'Undefined variable $data', 'F:\\XAMPP\\htdocs\\WDPF55_CI\\CI_project\\app\\Views\\dashboard.php', 30)
 2 SYSTEMPATH\View\View.php(228): include('F:\\XAMPP\\htdocs\\WDPF55_CI\\CI_project\\app\\Views\\dashboard.php')
 3 SYSTEMPATH\View\View.php(231): CodeIgniter\View\View->CodeIgniter\View\{closure}()
 4 SYSTEMPATH\Common.php(1190): CodeIgniter\View\View->render('dashboard', [], true)
 5 APPPATH\Controllers\AdminHome.php(11): view('dashboard')
 6 SYSTEMPATH\CodeIgniter.php(942): App\Controllers\AdminHome->index()
 7 SYSTEMPATH\CodeIgniter.php(502): CodeIgniter\CodeIgniter->runController(Object(App\Controllers\AdminHome))
 8 SYSTEMPATH\CodeIgniter.php(361): CodeIgniter\CodeIgniter->handleRequest(null, Object(Config\Cache), false)
 9 FCPATH\index.php(79): CodeIgniter\CodeIgniter->run()
10 SYSTEMPATH\Commands\Server\rewrite.php(47): require_once('F:\\XAMPP\\htdocs\\WDPF55_CI\\CI_project\\public\\index.php')
INFO - 2023-12-20 04:18:32 --> Session: Class initialized using 'CodeIgniter\Session\Handlers\FileHandler' driver.
CRITICAL - 2023-12-20 04:18:32 --> Undefined variable $data
in APPPATH\Views\dashboard.php on line 30.
 1 APPPATH\Views\dashboard.php(30): CodeIgniter\Debug\Exceptions->errorHandler(2, 'Undefined variable $data', 'F:\\XAMPP\\htdocs\\WDPF55_CI\\CI_project\\app\\Views\\dashboard.php', 30)
 2 SYSTEMPATH\View\View.php(228): include('F:\\XAMPP\\htdocs\\WDPF55_CI\\CI_project\\app\\Views\\dashboard.php')
 3 SYSTEMPATH\View\View.php(231): CodeIgniter\View\View->CodeIgniter\View\{closure}()
 4 SYSTEMPATH\Common.php(1190): CodeIgniter\View\View->render('dashboard', [], true)
 5 APPPATH\Controllers\AdminHome.php(11): view('dashboard')
 6 SYSTEMPATH\CodeIgniter.php(942): App\Controllers\AdminHome->index()
 7 SYSTEMPATH\CodeIgniter.php(502): CodeIgniter\CodeIgniter->runController(Object(App\Controllers\AdminHome))
 8 SYSTEMPATH\CodeIgniter.php(361): CodeIgniter\CodeIgniter->handleRequest(null, Object(Config\Cache), false)
 9 FCPATH\index.php(79): CodeIgniter\CodeIgniter->run()
10 SYSTEMPATH\Commands\Server\rewrite.php(47): require_once('F:\\XAMPP\\htdocs\\WDPF55_CI\\CI_project\\public\\index.php')
INFO - 2023-12-20 04:18:33 --> Session: Class initialized using 'CodeIgniter\Session\Handlers\FileHandler' driver.
CRITICAL - 2023-12-20 04:18:33 --> Undefined variable $data
in APPPATH\Views\dashboard.php on line 30.
 1 APPPATH\Views\dashboard.php(30): CodeIgniter\Debug\Exceptions->errorHandler(2, 'Undefined variable $data', 'F:\\XAMPP\\htdocs\\WDPF55_CI\\CI_project\\app\\Views\\dashboard.php', 30)
 2 SYSTEMPATH\View\View.php(228): include('F:\\XAMPP\\htdocs\\WDPF55_CI\\CI_project\\app\\Views\\dashboard.php')
 3 SYSTEMPATH\View\View.php(231): CodeIgniter\View\View->CodeIgniter\View\{closure}()
 4 SYSTEMPATH\Common.php(1190): CodeIgniter\View\View->render('dashboard', [], true)
 5 APPPATH\Controllers\AdminHome.php(11): view('dashboard')
 6 SYSTEMPATH\CodeIgniter.php(942): App\Controllers\AdminHome->index()
 7 SYSTEMPATH\CodeIgniter.php(502): CodeIgniter\CodeIgniter->runController(Object(App\Controllers\AdminHome))
 8 SYSTEMPATH\CodeIgniter.php(361): CodeIgniter\CodeIgniter->handleRequest(null, Object(Config\Cache), false)
 9 FCPATH\index.php(79): CodeIgniter\CodeIgniter->run()
10 SYSTEMPATH\Commands\Server\rewrite.php(47): require_once('F:\\XAMPP\\htdocs\\WDPF55_CI\\CI_project\\public\\index.php')
INFO - 2023-12-20 04:18:34 --> Session: Class initialized using 'CodeIgniter\Session\Handlers\FileHandler' driver.
CRITICAL - 2023-12-20 04:18:34 --> Undefined variable $data
in APPPATH\Views\dashboard.php on line 30.
 1 APPPATH\Views\dashboard.php(30): CodeIgniter\Debug\Exceptions->errorHandler(2, 'Undefined variable $data', 'F:\\XAMPP\\htdocs\\WDPF55_CI\\CI_project\\app\\Views\\dashboard.php', 30)
 2 SYSTEMPATH\View\View.php(228): include('F:\\XAMPP\\htdocs\\WDPF55_CI\\CI_project\\app\\Views\\dashboard.php')
 3 SYSTEMPATH\View\View.php(231): CodeIgniter\View\View->CodeIgniter\View\{closure}()
 4 SYSTEMPATH\Common.php(1190): CodeIgniter\View\View->render('dashboard', [], true)
 5 APPPATH\Controllers\AdminHome.php(11): view('dashboard')
 6 SYSTEMPATH\CodeIgniter.php(942): App\Controllers\AdminHome->index()
 7 SYSTEMPATH\CodeIgniter.php(502): CodeIgniter\CodeIgniter->runController(Object(App\Controllers\AdminHome))
 8 SYSTEMPATH\CodeIgniter.php(361): CodeIgniter\CodeIgniter->handleRequest(null, Object(Config\Cache), false)
 9 FCPATH\index.php(79): CodeIgniter\CodeIgniter->run()
10 SYSTEMPATH\Commands\Server\rewrite.php(47): require_once('F:\\XAMPP\\htdocs\\WDPF55_CI\\CI_project\\public\\index.php')
INFO - 2023-12-20 04:31:45 --> Session: Class initialized using 'CodeIgniter\Session\Handlers\FileHandler' driver.
CRITICAL - 2023-12-20 04:31:45 --> Undefined variable $data
in APPPATH\Views\dashboard.php on line 30.
 1 APPPATH\Views\dashboard.php(30): CodeIgniter\Debug\Exceptions->errorHandler(2, 'Undefined variable $data', 'F:\\XAMPP\\htdocs\\WDPF55_CI\\CI_project\\app\\Views\\dashboard.php', 30)
 2 SYSTEMPATH\View\View.php(228): include('F:\\XAMPP\\htdocs\\WDPF55_CI\\CI_project\\app\\Views\\dashboard.php')
 3 SYSTEMPATH\View\View.php(231): CodeIgniter\View\View->CodeIgniter\View\{closure}()
 4 SYSTEMPATH\Common.php(1190): CodeIgniter\View\View->render('dashboard', [], true)
 5 APPPATH\Controllers\AdminHome.php(11): view('dashboard')
 6 SYSTEMPATH\CodeIgniter.php(942): App\Controllers\AdminHome->index()
 7 SYSTEMPATH\CodeIgniter.php(502): CodeIgniter\CodeIgniter->runController(Object(App\Controllers\AdminHome))
 8 SYSTEMPATH\CodeIgniter.php(361): CodeIgniter\CodeIgniter->handleRequest(null, Object(Config\Cache), false)
 9 FCPATH\index.php(79): CodeIgniter\CodeIgniter->run()
10 SYSTEMPATH\Commands\Server\rewrite.php(47): require_once('F:\\XAMPP\\htdocs\\WDPF55_CI\\CI_project\\public\\index.php')
INFO - 2023-12-20 04:33:04 --> Session: Class initialized using 'CodeIgniter\Session\Handlers\FileHandler' driver.
CRITICAL - 2023-12-20 04:33:04 --> Undefined variable $data
in APPPATH\Views\dashboard.php on line 30.
 1 APPPATH\Views\dashboard.php(30): CodeIgniter\Debug\Exceptions->errorHandler(2, 'Undefined variable $data', 'F:\\XAMPP\\htdocs\\WDPF55_CI\\CI_project\\app\\Views\\dashboard.php', 30)
 2 SYSTEMPATH\View\View.php(228): include('F:\\XAMPP\\htdocs\\WDPF55_CI\\CI_project\\app\\Views\\dashboard.php')
 3 SYSTEMPATH\View\View.php(231): CodeIgniter\View\View->CodeIgniter\View\{closure}()
 4 SYSTEMPATH\Common.php(1190): CodeIgniter\View\View->render('dashboard', [], true)
 5 APPPATH\Controllers\AdminHome.php(11): view('dashboard')
 6 SYSTEMPATH\CodeIgniter.php(942): App\Controllers\AdminHome->index()
 7 SYSTEMPATH\CodeIgniter.php(502): CodeIgniter\CodeIgniter->runController(Object(App\Controllers\AdminHome))
 8 SYSTEMPATH\CodeIgniter.php(361): CodeIgniter\CodeIgniter->handleRequest(null, Object(Config\Cache), false)
 9 FCPATH\index.php(79): CodeIgniter\CodeIgniter->run()
10 SYSTEMPATH\Commands\Server\rewrite.php(47): require_once('F:\\XAMPP\\htdocs\\WDPF55_CI\\CI_project\\public\\index.php')
INFO - 2023-12-20 04:33:05 --> Session: Class initialized using 'CodeIgniter\Session\Handlers\FileHandler' driver.
CRITICAL - 2023-12-20 04:33:05 --> Undefined variable $data
in APPPATH\Views\dashboard.php on line 30.
 1 APPPATH\Views\dashboard.php(30): CodeIgniter\Debug\Exceptions->errorHandler(2, 'Undefined variable $data', 'F:\\XAMPP\\htdocs\\WDPF55_CI\\CI_project\\app\\Views\\dashboard.php', 30)
 2 SYSTEMPATH\View\View.php(228): include('F:\\XAMPP\\htdocs\\WDPF55_CI\\CI_project\\app\\Views\\dashboard.php')
 3 SYSTEMPATH\View\View.php(231): CodeIgniter\View\View->CodeIgniter\View\{closure}()
 4 SYSTEMPATH\Common.php(1190): CodeIgniter\View\View->render('dashboard', [], true)
 5 APPPATH\Controllers\AdminHome.php(11): view('dashboard')
 6 SYSTEMPATH\CodeIgniter.php(942): App\Controllers\AdminHome->index()
 7 SYSTEMPATH\CodeIgniter.php(502): CodeIgniter\CodeIgniter->runController(Object(App\Controllers\AdminHome))
 8 SYSTEMPATH\CodeIgniter.php(361): CodeIgniter\CodeIgniter->handleRequest(null, Object(Config\Cache), false)
 9 FCPATH\index.php(79): CodeIgniter\CodeIgniter->run()
10 SYSTEMPATH\Commands\Server\rewrite.php(47): require_once('F:\\XAMPP\\htdocs\\WDPF55_CI\\CI_project\\public\\index.php')
INFO - 2023-12-20 04:33:06 --> Session: Class initialized using 'CodeIgniter\Session\Handlers\FileHandler' driver.
CRITICAL - 2023-12-20 04:33:06 --> Undefined variable $data
in APPPATH\Views\dashboard.php on line 30.
 1 APPPATH\Views\dashboard.php(30): CodeIgniter\Debug\Exceptions->errorHandler(2, 'Undefined variable $data', 'F:\\XAMPP\\htdocs\\WDPF55_CI\\CI_project\\app\\Views\\dashboard.php', 30)
 2 SYSTEMPATH\View\View.php(228): include('F:\\XAMPP\\htdocs\\WDPF55_CI\\CI_project\\app\\Views\\dashboard.php')
 3 SYSTEMPATH\View\View.php(231): CodeIgniter\View\View->CodeIgniter\View\{closure}()
 4 SYSTEMPATH\Common.php(1190): CodeIgniter\View\View->render('dashboard', [], true)
 5 APPPATH\Controllers\AdminHome.php(11): view('dashboard')
 6 SYSTEMPATH\CodeIgniter.php(942): App\Controllers\AdminHome->index()
 7 SYSTEMPATH\CodeIgniter.php(502): CodeIgniter\CodeIgniter->runController(Object(App\Controllers\AdminHome))
 8 SYSTEMPATH\CodeIgniter.php(361): CodeIgniter\CodeIgniter->handleRequest(null, Object(Config\Cache), false)
 9 FCPATH\index.php(79): CodeIgniter\CodeIgniter->run()
10 SYSTEMPATH\Commands\Server\rewrite.php(47): require_once('F:\\XAMPP\\htdocs\\WDPF55_CI\\CI_project\\public\\index.php')
INFO - 2023-12-20 04:33:07 --> Session: Class initialized using 'CodeIgniter\Session\Handlers\FileHandler' driver.
CRITICAL - 2023-12-20 04:33:07 --> Undefined variable $data
in APPPATH\Views\dashboard.php on line 30.
 1 APPPATH\Views\dashboard.php(30): CodeIgniter\Debug\Exceptions->errorHandler(2, 'Undefined variable $data', 'F:\\XAMPP\\htdocs\\WDPF55_CI\\CI_project\\app\\Views\\dashboard.php', 30)
 2 SYSTEMPATH\View\View.php(228): include('F:\\XAMPP\\htdocs\\WDPF55_CI\\CI_project\\app\\Views\\dashboard.php')
 3 SYSTEMPATH\View\View.php(231): CodeIgniter\View\View->CodeIgniter\View\{closure}()
 4 SYSTEMPATH\Common.php(1190): CodeIgniter\View\View->render('dashboard', [], true)
 5 APPPATH\Controllers\AdminHome.php(11): view('dashboard')
 6 SYSTEMPATH\CodeIgniter.php(942): App\Controllers\AdminHome->index()
 7 SYSTEMPATH\CodeIgniter.php(502): CodeIgniter\CodeIgniter->runController(Object(App\Controllers\AdminHome))
 8 SYSTEMPATH\CodeIgniter.php(361): CodeIgniter\CodeIgniter->handleRequest(null, Object(Config\Cache), false)
 9 FCPATH\index.php(79): CodeIgniter\CodeIgniter->run()
10 SYSTEMPATH\Commands\Server\rewrite.php(47): require_once('F:\\XAMPP\\htdocs\\WDPF55_CI\\CI_project\\public\\index.php')
INFO - 2023-12-20 04:33:07 --> Session: Class initialized using 'CodeIgniter\Session\Handlers\FileHandler' driver.
CRITICAL - 2023-12-20 04:33:07 --> Undefined variable $data
in APPPATH\Views\dashboard.php on line 30.
 1 APPPATH\Views\dashboard.php(30): CodeIgniter\Debug\Exceptions->errorHandler(2, 'Undefined variable $data', 'F:\\XAMPP\\htdocs\\WDPF55_CI\\CI_project\\app\\Views\\dashboard.php', 30)
 2 SYSTEMPATH\View\View.php(228): include('F:\\XAMPP\\htdocs\\WDPF55_CI\\CI_project\\app\\Views\\dashboard.php')
 3 SYSTEMPATH\View\View.php(231): CodeIgniter\View\View->CodeIgniter\View\{closure}()
 4 SYSTEMPATH\Common.php(1190): CodeIgniter\View\View->render('dashboard', [], true)
 5 APPPATH\Controllers\AdminHome.php(11): view('dashboard')
 6 SYSTEMPATH\CodeIgniter.php(942): App\Controllers\AdminHome->index()
 7 SYSTEMPATH\CodeIgniter.php(502): CodeIgniter\CodeIgniter->runController(Object(App\Controllers\AdminHome))
 8 SYSTEMPATH\CodeIgniter.php(361): CodeIgniter\CodeIgniter->handleRequest(null, Object(Config\Cache), false)
 9 FCPATH\index.php(79): CodeIgniter\CodeIgniter->run()
10 SYSTEMPATH\Commands\Server\rewrite.php(47): require_once('F:\\XAMPP\\htdocs\\WDPF55_CI\\CI_project\\public\\index.php')
INFO - 2023-12-20 04:33:07 --> Session: Class initialized using 'CodeIgniter\Session\Handlers\FileHandler' driver.
CRITICAL - 2023-12-20 04:33:07 --> Undefined variable $data
in APPPATH\Views\dashboard.php on line 30.
 1 APPPATH\Views\dashboard.php(30): CodeIgniter\Debug\Exceptions->errorHandler(2, 'Undefined variable $data', 'F:\\XAMPP\\htdocs\\WDPF55_CI\\CI_project\\app\\Views\\dashboard.php', 30)
 2 SYSTEMPATH\View\View.php(228): include('F:\\XAMPP\\htdocs\\WDPF55_CI\\CI_project\\app\\Views\\dashboard.php')
 3 SYSTEMPATH\View\View.php(231): CodeIgniter\View\View->CodeIgniter\View\{closure}()
 4 SYSTEMPATH\Common.php(1190): CodeIgniter\View\View->render('dashboard', [], true)
 5 APPPATH\Controllers\AdminHome.php(11): view('dashboard')
 6 SYSTEMPATH\CodeIgniter.php(942): App\Controllers\AdminHome->index()
 7 SYSTEMPATH\CodeIgniter.php(502): CodeIgniter\CodeIgniter->runController(Object(App\Controllers\AdminHome))
 8 SYSTEMPATH\CodeIgniter.php(361): CodeIgniter\CodeIgniter->handleRequest(null, Object(Config\Cache), false)
 9 FCPATH\index.php(79): CodeIgniter\CodeIgniter->run()
10 SYSTEMPATH\Commands\Server\rewrite.php(47): require_once('F:\\XAMPP\\htdocs\\WDPF55_CI\\CI_project\\public\\index.php')
INFO - 2023-12-20 04:33:08 --> Session: Class initialized using 'CodeIgniter\Session\Handlers\FileHandler' driver.
CRITICAL - 2023-12-20 04:33:08 --> Undefined variable $data
in APPPATH\Views\dashboard.php on line 30.
 1 APPPATH\Views\dashboard.php(30): CodeIgniter\Debug\Exceptions->errorHandler(2, 'Undefined variable $data', 'F:\\XAMPP\\htdocs\\WDPF55_CI\\CI_project\\app\\Views\\dashboard.php', 30)
 2 SYSTEMPATH\View\View.php(228): include('F:\\XAMPP\\htdocs\\WDPF55_CI\\CI_project\\app\\Views\\dashboard.php')
 3 SYSTEMPATH\View\View.php(231): CodeIgniter\View\View->CodeIgniter\View\{closure}()
 4 SYSTEMPATH\Common.php(1190): CodeIgniter\View\View->render('dashboard', [], true)
 5 APPPATH\Controllers\AdminHome.php(11): view('dashboard')
 6 SYSTEMPATH\CodeIgniter.php(942): App\Controllers\AdminHome->index()
 7 SYSTEMPATH\CodeIgniter.php(502): CodeIgniter\CodeIgniter->runController(Object(App\Controllers\AdminHome))
 8 SYSTEMPATH\CodeIgniter.php(361): CodeIgniter\CodeIgniter->handleRequest(null, Object(Config\Cache), false)
 9 FCPATH\index.php(79): CodeIgniter\CodeIgniter->run()
10 SYSTEMPATH\Commands\Server\rewrite.php(47): require_once('F:\\XAMPP\\htdocs\\WDPF55_CI\\CI_project\\public\\index.php')
INFO - 2023-12-20 04:33:08 --> Session: Class initialized using 'CodeIgniter\Session\Handlers\FileHandler' driver.
CRITICAL - 2023-12-20 04:33:08 --> Undefined variable $data
in APPPATH\Views\dashboard.php on line 30.
 1 APPPATH\Views\dashboard.php(30): CodeIgniter\Debug\Exceptions->errorHandler(2, 'Undefined variable $data', 'F:\\XAMPP\\htdocs\\WDPF55_CI\\CI_project\\app\\Views\\dashboard.php', 30)
 2 SYSTEMPATH\View\View.php(228): include('F:\\XAMPP\\htdocs\\WDPF55_CI\\CI_project\\app\\Views\\dashboard.php')
 3 SYSTEMPATH\View\View.php(231): CodeIgniter\View\View->CodeIgniter\View\{closure}()
 4 SYSTEMPATH\Common.php(1190): CodeIgniter\View\View->render('dashboard', [], true)
 5 APPPATH\Controllers\AdminHome.php(11): view('dashboard')
 6 SYSTEMPATH\CodeIgniter.php(942): App\Controllers\AdminHome->index()
 7 SYSTEMPATH\CodeIgniter.php(502): CodeIgniter\CodeIgniter->runController(Object(App\Controllers\AdminHome))
 8 SYSTEMPATH\CodeIgniter.php(361): CodeIgniter\CodeIgniter->handleRequest(null, Object(Config\Cache), false)
 9 FCPATH\index.php(79): CodeIgniter\CodeIgniter->run()
10 SYSTEMPATH\Commands\Server\rewrite.php(47): require_once('F:\\XAMPP\\htdocs\\WDPF55_CI\\CI_project\\public\\index.php')
INFO - 2023-12-20 04:59:00 --> Session: Class initialized using 'CodeIgniter\Session\Handlers\FileHandler' driver.
CRITICAL - 2023-12-20 04:59:00 --> Undefined variable $data
in APPPATH\Views\dashboard.php on line 30.
 1 APPPATH\Views\dashboard.php(30): CodeIgniter\Debug\Exceptions->errorHandler(2, 'Undefined variable $data', 'F:\\XAMPP\\htdocs\\WDPF55_CI\\CI_project\\app\\Views\\dashboard.php', 30)
 2 SYSTEMPATH\View\View.php(228): include('F:\\XAMPP\\htdocs\\WDPF55_CI\\CI_project\\app\\Views\\dashboard.php')
 3 SYSTEMPATH\View\View.php(231): CodeIgniter\View\View->CodeIgniter\View\{closure}()
 4 SYSTEMPATH\Common.php(1190): CodeIgniter\View\View->render('dashboard', [], true)
 5 APPPATH\Controllers\AdminHome.php(11): view('dashboard')
 6 SYSTEMPATH\CodeIgniter.php(942): App\Controllers\AdminHome->index()
 7 SYSTEMPATH\CodeIgniter.php(502): CodeIgniter\CodeIgniter->runController(Object(App\Controllers\AdminHome))
 8 SYSTEMPATH\CodeIgniter.php(361): CodeIgniter\CodeIgniter->handleRequest(null, Object(Config\Cache), false)
 9 FCPATH\index.php(79): CodeIgniter\CodeIgniter->run()
10 SYSTEMPATH\Commands\Server\rewrite.php(47): require_once('F:\\XAMPP\\htdocs\\WDPF55_CI\\CI_project\\public\\index.php')
