INFO - 2023-12-11 03:18:25 --> Session: Class initialized using 'CodeIgniter\Session\Handlers\FileHandler' driver.
INFO - 2023-12-11 03:18:25 --> Session: Class initialized using 'CodeIgniter\Session\Handlers\FileHandler' driver.
INFO - 2023-12-11 03:18:28 --> Session: Class initialized using 'CodeIgniter\Session\Handlers\FileHandler' driver.
ERROR - 2023-12-11 03:18:32 --> Error connecting to the database: mysqli_sql_exception: No connection could be made because the target machine actively refused it in F:\XAMPP\htdocs\WDPF55_CI\CI_project\system\Database\MySQLi\Connection.php:185
Stack trace:
#0 F:\XAMPP\htdocs\WDPF55_CI\CI_project\system\Database\MySQLi\Connection.php(185): mysqli->real_connect('localhost', 'root', '', 'wdpf55_ci_proje...', 3306, '', 0)
#1 F:\XAMPP\htdocs\WDPF55_CI\CI_project\system\Database\BaseConnection.php(392): CodeIgniter\Database\MySQLi\Connection->connect(false)
#2 F:\XAMPP\htdocs\WDPF55_CI\CI_project\system\Database\BaseConnection.php(575): CodeIgniter\Database\BaseConnection->initialize()
#3 F:\XAMPP\htdocs\WDPF55_CI\CI_project\system\Database\BaseBuilder.php(1615): CodeIgniter\Database\BaseConnection->query('SELECT *\nFROM `...', Array, false)
#4 F:\XAMPP\htdocs\WDPF55_CI\CI_project\system\Model.php(264): CodeIgniter\Database\BaseBuilder->get()
#5 F:\XAMPP\htdocs\WDPF55_CI\CI_project\system\BaseModel.php(662): CodeIgniter\Model->doFirst()
#6 F:\XAMPP\htdocs\WDPF55_CI\CI_project\app\Controllers\SigninController.php(23): CodeIgniter\BaseModel->first()
#7 F:\XAMPP\htdocs\WDPF55_CI\CI_project\system\CodeIgniter.php(942): App\Controllers\SigninController->login()
#8 F:\XAMPP\htdocs\WDPF55_CI\CI_project\system\CodeIgniter.php(502): CodeIgniter\CodeIgniter->runController(Object(App\Controllers\SigninController))
#9 F:\XAMPP\htdocs\WDPF55_CI\CI_project\system\CodeIgniter.php(361): CodeIgniter\CodeIgniter->handleRequest(NULL, Object(Config\Cache), false)
#10 F:\XAMPP\htdocs\WDPF55_CI\CI_project\public\index.php(79): CodeIgniter\CodeIgniter->run()
#11 F:\XAMPP\htdocs\WDPF55_CI\CI_project\system\Commands\Server\rewrite.php(47): require_once('F:\\XAMPP\\htdocs...')
#12 {main}

Next CodeIgniter\Database\Exceptions\DatabaseException: No connection could be made because the target machine actively refused it in F:\XAMPP\htdocs\WDPF55_CI\CI_project\system\Database\MySQLi\Connection.php:229
Stack trace:
#0 F:\XAMPP\htdocs\WDPF55_CI\CI_project\system\Database\BaseConnection.php(392): CodeIgniter\Database\MySQLi\Connection->connect(false)
#1 F:\XAMPP\htdocs\WDPF55_CI\CI_project\system\Database\BaseConnection.php(575): CodeIgniter\Database\BaseConnection->initialize()
#2 F:\XAMPP\htdocs\WDPF55_CI\CI_project\system\Database\BaseBuilder.php(1615): CodeIgniter\Database\BaseConnection->query('SELECT *\nFROM `...', Array, false)
#3 F:\XAMPP\htdocs\WDPF55_CI\CI_project\system\Model.php(264): CodeIgniter\Database\BaseBuilder->get()
#4 F:\XAMPP\htdocs\WDPF55_CI\CI_project\system\BaseModel.php(662): CodeIgniter\Model->doFirst()
#5 F:\XAMPP\htdocs\WDPF55_CI\CI_project\app\Controllers\SigninController.php(23): CodeIgniter\BaseModel->first()
#6 F:\XAMPP\htdocs\WDPF55_CI\CI_project\system\CodeIgniter.php(942): App\Controllers\SigninController->login()
#7 F:\XAMPP\htdocs\WDPF55_CI\CI_project\system\CodeIgniter.php(502): CodeIgniter\CodeIgniter->runController(Object(App\Controllers\SigninController))
#8 F:\XAMPP\htdocs\WDPF55_CI\CI_project\system\CodeIgniter.php(361): CodeIgniter\CodeIgniter->handleRequest(NULL, Object(Config\Cache), false)
#9 F:\XAMPP\htdocs\WDPF55_CI\CI_project\public\index.php(79): CodeIgniter\CodeIgniter->run()
#10 F:\XAMPP\htdocs\WDPF55_CI\CI_project\system\Commands\Server\rewrite.php(47): require_once('F:\\XAMPP\\htdocs...')
#11 {main}
CRITICAL - 2023-12-11 03:18:32 --> Unable to connect to the database.
Main connection [MySQLi]: No connection could be made because the target machine actively refused it
in SYSTEMPATH\Database\BaseConnection.php on line 428.
 1 SYSTEMPATH\Database\BaseConnection.php(575): CodeIgniter\Database\BaseConnection->initialize()
 2 SYSTEMPATH\Database\BaseBuilder.php(1615): CodeIgniter\Database\BaseConnection->query('SELECT *
FROM `users`
WHERE `email` = :email:
 LIMIT 1', [...], false)
 3 SYSTEMPATH\Model.php(264): CodeIgniter\Database\BaseBuilder->get()
 4 SYSTEMPATH\BaseModel.php(662): CodeIgniter\Model->doFirst()
 5 APPPATH\Controllers\SigninController.php(23): CodeIgniter\BaseModel->first()
 6 SYSTEMPATH\CodeIgniter.php(942): App\Controllers\SigninController->login()
 7 SYSTEMPATH\CodeIgniter.php(502): CodeIgniter\CodeIgniter->runController(Object(App\Controllers\SigninController))
 8 SYSTEMPATH\CodeIgniter.php(361): CodeIgniter\CodeIgniter->handleRequest(null, Object(Config\Cache), false)
 9 FCPATH\index.php(79): CodeIgniter\CodeIgniter->run()
10 SYSTEMPATH\Commands\Server\rewrite.php(47): require_once('F:\\XAMPP\\htdocs\\WDPF55_CI\\CI_project\\public\\index.php')
INFO - 2023-12-11 03:18:45 --> Session: Class initialized using 'CodeIgniter\Session\Handlers\FileHandler' driver.
INFO - 2023-12-11 03:18:46 --> Session: Class initialized using 'CodeIgniter\Session\Handlers\FileHandler' driver.
INFO - 2023-12-11 03:18:50 --> Session: Class initialized using 'CodeIgniter\Session\Handlers\FileHandler' driver.
INFO - 2023-12-11 03:20:47 --> Session: Class initialized using 'CodeIgniter\Session\Handlers\FileHandler' driver.
INFO - 2023-12-11 03:51:19 --> Session: Class initialized using 'CodeIgniter\Session\Handlers\FileHandler' driver.
INFO - 2023-12-11 03:52:09 --> Session: Class initialized using 'CodeIgniter\Session\Handlers\FileHandler' driver.
INFO - 2023-12-11 03:52:09 --> Session: Class initialized using 'CodeIgniter\Session\Handlers\FileHandler' driver.
INFO - 2023-12-11 03:53:20 --> Session: Class initialized using 'CodeIgniter\Session\Handlers\FileHandler' driver.
INFO - 2023-12-11 03:53:20 --> Session: Class initialized using 'CodeIgniter\Session\Handlers\FileHandler' driver.
INFO - 2023-12-11 03:56:20 --> Session: Class initialized using 'CodeIgniter\Session\Handlers\FileHandler' driver.
INFO - 2023-12-11 03:56:20 --> Session: Class initialized using 'CodeIgniter\Session\Handlers\FileHandler' driver.
CRITICAL - 2023-12-11 04:06:23 --> The namespace delimiter is a backslash (\), not a slash (/). Route handler: "\App\Controllers\frontend/ProductController::index"
in SYSTEMPATH\Router\Router.php on line 479.
 1 SYSTEMPATH\Router\Router.php(479): CodeIgniter\Router\Exceptions\RouterException::forInvalidControllerName('\\App\\Controllers\\frontend/ProductController::index')
 2 SYSTEMPATH\Router\Router.php(186): CodeIgniter\Router\Router->checkRoutes('productsall')
 3 SYSTEMPATH\CodeIgniter.php(823): CodeIgniter\Router\Router->handle('productsall')
 4 SYSTEMPATH\CodeIgniter.php(450): CodeIgniter\CodeIgniter->tryToRouteIt(Object(CodeIgniter\Router\RouteCollection))
 5 SYSTEMPATH\CodeIgniter.php(361): CodeIgniter\CodeIgniter->handleRequest(null, Object(Config\Cache), false)
 6 FCPATH\index.php(79): CodeIgniter\CodeIgniter->run()
 7 SYSTEMPATH\Commands\Server\rewrite.php(47): require_once('F:\\XAMPP\\htdocs\\WDPF55_CI\\CI_project\\public\\index.php')
INFO - 2023-12-11 04:07:25 --> Session: Class initialized using 'CodeIgniter\Session\Handlers\FileHandler' driver.
INFO - 2023-12-11 04:09:49 --> Session: Class initialized using 'CodeIgniter\Session\Handlers\FileHandler' driver.
INFO - 2023-12-11 04:09:49 --> Session: Class initialized using 'CodeIgniter\Session\Handlers\FileHandler' driver.
CRITICAL - 2023-12-11 04:16:19 --> Undefined variable $Route
in APPPATH\Config\Routes.php on line 36.
 1 APPPATH\Config\Routes.php(36): CodeIgniter\Debug\Exceptions->errorHandler(2, 'Undefined variable $Route', 'F:\\XAMPP\\htdocs\\WDPF55_CI\\CI_project\\app\\Config\\Routes.php', 36)
 2 SYSTEMPATH\Router\RouteCollection.php(344): require('F:\\XAMPP\\htdocs\\WDPF55_CI\\CI_project\\app\\Config\\Routes.php')
 3 SYSTEMPATH\CodeIgniter.php(810): CodeIgniter\Router\RouteCollection->loadRoutes()
 4 SYSTEMPATH\CodeIgniter.php(450): CodeIgniter\CodeIgniter->tryToRouteIt(null)
 5 SYSTEMPATH\CodeIgniter.php(361): CodeIgniter\CodeIgniter->handleRequest(null, Object(Config\Cache), false)
 6 FCPATH\index.php(79): CodeIgniter\CodeIgniter->run()
 7 SYSTEMPATH\Commands\Server\rewrite.php(47): require_once('F:\\XAMPP\\htdocs\\WDPF55_CI\\CI_project\\public\\index.php')
INFO - 2023-12-11 04:43:53 --> Session: Class initialized using 'CodeIgniter\Session\Handlers\FileHandler' driver.
CRITICAL - 2023-12-11 05:41:52 --> "cors" filter must have a matching alias defined.
in SYSTEMPATH\Filters\Filters.php on line 580.
 1 SYSTEMPATH\Filters\Filters.php(580): CodeIgniter\Filters\Exceptions\FilterException::forNoAlias('cors')
 2 SYSTEMPATH\Filters\Filters.php(263): CodeIgniter\Filters\Filters->processAliasesToClass('before')
 3 SYSTEMPATH\Filters\Filters.php(174): CodeIgniter\Filters\Filters->initialize('')
 4 SYSTEMPATH\CodeIgniter.php(474): CodeIgniter\Filters\Filters->run('', 'before')
 5 SYSTEMPATH\CodeIgniter.php(361): CodeIgniter\CodeIgniter->handleRequest(null, Object(Config\Cache), false)
 6 FCPATH\index.php(79): CodeIgniter\CodeIgniter->run()
 7 SYSTEMPATH\Commands\Server\rewrite.php(47): require_once('F:\\XAMPP\\htdocs\\WDPF55_CI\\CI_project\\public\\index.php')
CRITICAL - 2023-12-11 05:41:55 --> "cors" filter must have a matching alias defined.
in SYSTEMPATH\Filters\Filters.php on line 580.
 1 SYSTEMPATH\Filters\Filters.php(580): CodeIgniter\Filters\Exceptions\FilterException::forNoAlias('cors')
 2 SYSTEMPATH\Filters\Filters.php(263): CodeIgniter\Filters\Filters->processAliasesToClass('before')
 3 SYSTEMPATH\Filters\Filters.php(174): CodeIgniter\Filters\Filters->initialize('productsall')
 4 SYSTEMPATH\CodeIgniter.php(474): CodeIgniter\Filters\Filters->run('productsall', 'before')
 5 SYSTEMPATH\CodeIgniter.php(361): CodeIgniter\CodeIgniter->handleRequest(null, Object(Config\Cache), false)
 6 FCPATH\index.php(79): CodeIgniter\CodeIgniter->run()
 7 SYSTEMPATH\Commands\Server\rewrite.php(47): require_once('F:\\XAMPP\\htdocs\\WDPF55_CI\\CI_project\\public\\index.php')
CRITICAL - 2023-12-11 05:41:58 --> "cors" filter must have a matching alias defined.
in SYSTEMPATH\Filters\Filters.php on line 580.
 1 SYSTEMPATH\Filters\Filters.php(580): CodeIgniter\Filters\Exceptions\FilterException::forNoAlias('cors')
 2 SYSTEMPATH\Filters\Filters.php(263): CodeIgniter\Filters\Filters->processAliasesToClass('before')
 3 SYSTEMPATH\Filters\Filters.php(174): CodeIgniter\Filters\Filters->initialize('productsall')
 4 SYSTEMPATH\CodeIgniter.php(474): CodeIgniter\Filters\Filters->run('productsall', 'before')
 5 SYSTEMPATH\CodeIgniter.php(361): CodeIgniter\CodeIgniter->handleRequest(null, Object(Config\Cache), false)
 6 FCPATH\index.php(79): CodeIgniter\CodeIgniter->run()
 7 SYSTEMPATH\Commands\Server\rewrite.php(47): require_once('F:\\XAMPP\\htdocs\\WDPF55_CI\\CI_project\\public\\index.php')
