ERROR - 2023-12-05 03:31:45 --> Error connecting to the database: mysqli_sql_exception: No connection could be made because the target machine actively refused it in F:\XAMPP\htdocs\WDPF55_CI\CI_project\system\Database\MySQLi\Connection.php:185
Stack trace:
#0 F:\XAMPP\htdocs\WDPF55_CI\CI_project\system\Database\MySQLi\Connection.php(185): mysqli->real_connect('localhost', 'root', '', 'wdpf55_ci_proje...', 3306, '', 0)
#1 F:\XAMPP\htdocs\WDPF55_CI\CI_project\system\Database\BaseConnection.php(392): CodeIgniter\Database\MySQLi\Connection->connect(false)
#2 F:\XAMPP\htdocs\WDPF55_CI\CI_project\system\Database\BaseConnection.php(575): CodeIgniter\Database\BaseConnection->initialize()
#3 F:\XAMPP\htdocs\WDPF55_CI\CI_project\system\Database\BaseBuilder.php(1615): CodeIgniter\Database\BaseConnection->query('SELECT *\nFROM `...', Array, false)
#4 F:\XAMPP\htdocs\WDPF55_CI\CI_project\system\Model.php(237): CodeIgniter\Database\BaseBuilder->get()
#5 F:\XAMPP\htdocs\WDPF55_CI\CI_project\system\BaseModel.php(624): CodeIgniter\Model->doFindAll(0, 0)
#6 F:\XAMPP\htdocs\WDPF55_CI\CI_project\app\Controllers\Product.php(19): CodeIgniter\BaseModel->findAll()
#7 F:\XAMPP\htdocs\WDPF55_CI\CI_project\system\CodeIgniter.php(942): App\Controllers\Product->index()
#8 F:\XAMPP\htdocs\WDPF55_CI\CI_project\system\CodeIgniter.php(502): CodeIgniter\CodeIgniter->runController(Object(App\Controllers\Product))
#9 F:\XAMPP\htdocs\WDPF55_CI\CI_project\system\CodeIgniter.php(361): CodeIgniter\CodeIgniter->handleRequest(NULL, Object(Config\Cache), false)
#10 F:\XAMPP\htdocs\WDPF55_CI\CI_project\public\index.php(79): CodeIgniter\CodeIgniter->run()
#11 F:\XAMPP\htdocs\WDPF55_CI\CI_project\system\Commands\Server\rewrite.php(47): require_once('F:\\XAMPP\\htdocs...')
#12 {main}

Next CodeIgniter\Database\Exceptions\DatabaseException: No connection could be made because the target machine actively refused it in F:\XAMPP\htdocs\WDPF55_CI\CI_project\system\Database\MySQLi\Connection.php:229
Stack trace:
#0 F:\XAMPP\htdocs\WDPF55_CI\CI_project\system\Database\BaseConnection.php(392): CodeIgniter\Database\MySQLi\Connection->connect(false)
#1 F:\XAMPP\htdocs\WDPF55_CI\CI_project\system\Database\BaseConnection.php(575): CodeIgniter\Database\BaseConnection->initialize()
#2 F:\XAMPP\htdocs\WDPF55_CI\CI_project\system\Database\BaseBuilder.php(1615): CodeIgniter\Database\BaseConnection->query('SELECT *\nFROM `...', Array, false)
#3 F:\XAMPP\htdocs\WDPF55_CI\CI_project\system\Model.php(237): CodeIgniter\Database\BaseBuilder->get()
#4 F:\XAMPP\htdocs\WDPF55_CI\CI_project\system\BaseModel.php(624): CodeIgniter\Model->doFindAll(0, 0)
#5 F:\XAMPP\htdocs\WDPF55_CI\CI_project\app\Controllers\Product.php(19): CodeIgniter\BaseModel->findAll()
#6 F:\XAMPP\htdocs\WDPF55_CI\CI_project\system\CodeIgniter.php(942): App\Controllers\Product->index()
#7 F:\XAMPP\htdocs\WDPF55_CI\CI_project\system\CodeIgniter.php(502): CodeIgniter\CodeIgniter->runController(Object(App\Controllers\Product))
#8 F:\XAMPP\htdocs\WDPF55_CI\CI_project\system\CodeIgniter.php(361): CodeIgniter\CodeIgniter->handleRequest(NULL, Object(Config\Cache), false)
#9 F:\XAMPP\htdocs\WDPF55_CI\CI_project\public\index.php(79): CodeIgniter\CodeIgniter->run()
#10 F:\XAMPP\htdocs\WDPF55_CI\CI_project\system\Commands\Server\rewrite.php(47): require_once('F:\\XAMPP\\htdocs...')
#11 {main}
CRITICAL - 2023-12-05 03:31:45 --> Unable to connect to the database.
Main connection [MySQLi]: No connection could be made because the target machine actively refused it
in SYSTEMPATH\Database\BaseConnection.php on line 428.
 1 SYSTEMPATH\Database\BaseConnection.php(575): CodeIgniter\Database\BaseConnection->initialize()
 2 SYSTEMPATH\Database\BaseBuilder.php(1615): CodeIgniter\Database\BaseConnection->query('SELECT *
FROM `products`', [], false)
 3 SYSTEMPATH\Model.php(237): CodeIgniter\Database\BaseBuilder->get()
 4 SYSTEMPATH\BaseModel.php(624): CodeIgniter\Model->doFindAll(0, 0)
 5 APPPATH\Controllers\Product.php(19): CodeIgniter\BaseModel->findAll()
 6 SYSTEMPATH\CodeIgniter.php(942): App\Controllers\Product->index()
 7 SYSTEMPATH\CodeIgniter.php(502): CodeIgniter\CodeIgniter->runController(Object(App\Controllers\Product))
 8 SYSTEMPATH\CodeIgniter.php(361): CodeIgniter\CodeIgniter->handleRequest(null, Object(Config\Cache), false)
 9 FCPATH\index.php(79): CodeIgniter\CodeIgniter->run()
10 SYSTEMPATH\Commands\Server\rewrite.php(47): require_once('F:\\XAMPP\\htdocs\\WDPF55_CI\\CI_project\\public\\index.php')
ERROR - 2023-12-05 03:31:49 --> Error connecting to the database: mysqli_sql_exception: No connection could be made because the target machine actively refused it in F:\XAMPP\htdocs\WDPF55_CI\CI_project\system\Database\MySQLi\Connection.php:185
Stack trace:
#0 F:\XAMPP\htdocs\WDPF55_CI\CI_project\system\Database\MySQLi\Connection.php(185): mysqli->real_connect('localhost', 'root', '', 'wdpf55_ci_proje...', 3306, '', 0)
#1 F:\XAMPP\htdocs\WDPF55_CI\CI_project\system\Database\BaseConnection.php(392): CodeIgniter\Database\MySQLi\Connection->connect(false)
#2 F:\XAMPP\htdocs\WDPF55_CI\CI_project\system\Database\BaseConnection.php(575): CodeIgniter\Database\BaseConnection->initialize()
#3 F:\XAMPP\htdocs\WDPF55_CI\CI_project\system\Database\BaseBuilder.php(1615): CodeIgniter\Database\BaseConnection->query('SELECT *\nFROM `...', Array, false)
#4 F:\XAMPP\htdocs\WDPF55_CI\CI_project\system\Model.php(237): CodeIgniter\Database\BaseBuilder->get()
#5 F:\XAMPP\htdocs\WDPF55_CI\CI_project\system\BaseModel.php(624): CodeIgniter\Model->doFindAll(0, 0)
#6 F:\XAMPP\htdocs\WDPF55_CI\CI_project\app\Controllers\Product.php(19): CodeIgniter\BaseModel->findAll()
#7 F:\XAMPP\htdocs\WDPF55_CI\CI_project\system\CodeIgniter.php(942): App\Controllers\Product->index()
#8 F:\XAMPP\htdocs\WDPF55_CI\CI_project\system\CodeIgniter.php(502): CodeIgniter\CodeIgniter->runController(Object(App\Controllers\Product))
#9 F:\XAMPP\htdocs\WDPF55_CI\CI_project\system\CodeIgniter.php(361): CodeIgniter\CodeIgniter->handleRequest(NULL, Object(Config\Cache), false)
#10 F:\XAMPP\htdocs\WDPF55_CI\CI_project\public\index.php(79): CodeIgniter\CodeIgniter->run()
#11 F:\XAMPP\htdocs\WDPF55_CI\CI_project\system\Commands\Server\rewrite.php(47): require_once('F:\\XAMPP\\htdocs...')
#12 {main}

Next CodeIgniter\Database\Exceptions\DatabaseException: No connection could be made because the target machine actively refused it in F:\XAMPP\htdocs\WDPF55_CI\CI_project\system\Database\MySQLi\Connection.php:229
Stack trace:
#0 F:\XAMPP\htdocs\WDPF55_CI\CI_project\system\Database\BaseConnection.php(392): CodeIgniter\Database\MySQLi\Connection->connect(false)
#1 F:\XAMPP\htdocs\WDPF55_CI\CI_project\system\Database\BaseConnection.php(575): CodeIgniter\Database\BaseConnection->initialize()
#2 F:\XAMPP\htdocs\WDPF55_CI\CI_project\system\Database\BaseBuilder.php(1615): CodeIgniter\Database\BaseConnection->query('SELECT *\nFROM `...', Array, false)
#3 F:\XAMPP\htdocs\WDPF55_CI\CI_project\system\Model.php(237): CodeIgniter\Database\BaseBuilder->get()
#4 F:\XAMPP\htdocs\WDPF55_CI\CI_project\system\BaseModel.php(624): CodeIgniter\Model->doFindAll(0, 0)
#5 F:\XAMPP\htdocs\WDPF55_CI\CI_project\app\Controllers\Product.php(19): CodeIgniter\BaseModel->findAll()
#6 F:\XAMPP\htdocs\WDPF55_CI\CI_project\system\CodeIgniter.php(942): App\Controllers\Product->index()
#7 F:\XAMPP\htdocs\WDPF55_CI\CI_project\system\CodeIgniter.php(502): CodeIgniter\CodeIgniter->runController(Object(App\Controllers\Product))
#8 F:\XAMPP\htdocs\WDPF55_CI\CI_project\system\CodeIgniter.php(361): CodeIgniter\CodeIgniter->handleRequest(NULL, Object(Config\Cache), false)
#9 F:\XAMPP\htdocs\WDPF55_CI\CI_project\public\index.php(79): CodeIgniter\CodeIgniter->run()
#10 F:\XAMPP\htdocs\WDPF55_CI\CI_project\system\Commands\Server\rewrite.php(47): require_once('F:\\XAMPP\\htdocs...')
#11 {main}
CRITICAL - 2023-12-05 03:31:49 --> Unable to connect to the database.
Main connection [MySQLi]: No connection could be made because the target machine actively refused it
in SYSTEMPATH\Database\BaseConnection.php on line 428.
 1 SYSTEMPATH\Database\BaseConnection.php(575): CodeIgniter\Database\BaseConnection->initialize()
 2 SYSTEMPATH\Database\BaseBuilder.php(1615): CodeIgniter\Database\BaseConnection->query('SELECT *
FROM `products`', [], false)
 3 SYSTEMPATH\Model.php(237): CodeIgniter\Database\BaseBuilder->get()
 4 SYSTEMPATH\BaseModel.php(624): CodeIgniter\Model->doFindAll(0, 0)
 5 APPPATH\Controllers\Product.php(19): CodeIgniter\BaseModel->findAll()
 6 SYSTEMPATH\CodeIgniter.php(942): App\Controllers\Product->index()
 7 SYSTEMPATH\CodeIgniter.php(502): CodeIgniter\CodeIgniter->runController(Object(App\Controllers\Product))
 8 SYSTEMPATH\CodeIgniter.php(361): CodeIgniter\CodeIgniter->handleRequest(null, Object(Config\Cache), false)
 9 FCPATH\index.php(79): CodeIgniter\CodeIgniter->run()
10 SYSTEMPATH\Commands\Server\rewrite.php(47): require_once('F:\\XAMPP\\htdocs\\WDPF55_CI\\CI_project\\public\\index.php')
ERROR - 2023-12-05 03:32:01 --> Error connecting to the database: mysqli_sql_exception: No connection could be made because the target machine actively refused it in F:\XAMPP\htdocs\WDPF55_CI\CI_project\system\Database\MySQLi\Connection.php:185
Stack trace:
#0 F:\XAMPP\htdocs\WDPF55_CI\CI_project\system\Database\MySQLi\Connection.php(185): mysqli->real_connect('localhost', 'root', '', 'wdpf55_ci_proje...', 3306, '', 0)
#1 F:\XAMPP\htdocs\WDPF55_CI\CI_project\system\Database\BaseConnection.php(392): CodeIgniter\Database\MySQLi\Connection->connect(false)
#2 F:\XAMPP\htdocs\WDPF55_CI\CI_project\system\Database\BaseConnection.php(575): CodeIgniter\Database\BaseConnection->initialize()
#3 F:\XAMPP\htdocs\WDPF55_CI\CI_project\system\Database\BaseBuilder.php(1615): CodeIgniter\Database\BaseConnection->query('SELECT *\nFROM `...', Array, false)
#4 F:\XAMPP\htdocs\WDPF55_CI\CI_project\system\Model.php(237): CodeIgniter\Database\BaseBuilder->get()
#5 F:\XAMPP\htdocs\WDPF55_CI\CI_project\system\BaseModel.php(624): CodeIgniter\Model->doFindAll(0, 0)
#6 F:\XAMPP\htdocs\WDPF55_CI\CI_project\app\Controllers\Product.php(19): CodeIgniter\BaseModel->findAll()
#7 F:\XAMPP\htdocs\WDPF55_CI\CI_project\system\CodeIgniter.php(942): App\Controllers\Product->index()
#8 F:\XAMPP\htdocs\WDPF55_CI\CI_project\system\CodeIgniter.php(502): CodeIgniter\CodeIgniter->runController(Object(App\Controllers\Product))
#9 F:\XAMPP\htdocs\WDPF55_CI\CI_project\system\CodeIgniter.php(361): CodeIgniter\CodeIgniter->handleRequest(NULL, Object(Config\Cache), false)
#10 F:\XAMPP\htdocs\WDPF55_CI\CI_project\public\index.php(79): CodeIgniter\CodeIgniter->run()
#11 F:\XAMPP\htdocs\WDPF55_CI\CI_project\system\Commands\Server\rewrite.php(47): require_once('F:\\XAMPP\\htdocs...')
#12 {main}

Next CodeIgniter\Database\Exceptions\DatabaseException: No connection could be made because the target machine actively refused it in F:\XAMPP\htdocs\WDPF55_CI\CI_project\system\Database\MySQLi\Connection.php:229
Stack trace:
#0 F:\XAMPP\htdocs\WDPF55_CI\CI_project\system\Database\BaseConnection.php(392): CodeIgniter\Database\MySQLi\Connection->connect(false)
#1 F:\XAMPP\htdocs\WDPF55_CI\CI_project\system\Database\BaseConnection.php(575): CodeIgniter\Database\BaseConnection->initialize()
#2 F:\XAMPP\htdocs\WDPF55_CI\CI_project\system\Database\BaseBuilder.php(1615): CodeIgniter\Database\BaseConnection->query('SELECT *\nFROM `...', Array, false)
#3 F:\XAMPP\htdocs\WDPF55_CI\CI_project\system\Model.php(237): CodeIgniter\Database\BaseBuilder->get()
#4 F:\XAMPP\htdocs\WDPF55_CI\CI_project\system\BaseModel.php(624): CodeIgniter\Model->doFindAll(0, 0)
#5 F:\XAMPP\htdocs\WDPF55_CI\CI_project\app\Controllers\Product.php(19): CodeIgniter\BaseModel->findAll()
#6 F:\XAMPP\htdocs\WDPF55_CI\CI_project\system\CodeIgniter.php(942): App\Controllers\Product->index()
#7 F:\XAMPP\htdocs\WDPF55_CI\CI_project\system\CodeIgniter.php(502): CodeIgniter\CodeIgniter->runController(Object(App\Controllers\Product))
#8 F:\XAMPP\htdocs\WDPF55_CI\CI_project\system\CodeIgniter.php(361): CodeIgniter\CodeIgniter->handleRequest(NULL, Object(Config\Cache), false)
#9 F:\XAMPP\htdocs\WDPF55_CI\CI_project\public\index.php(79): CodeIgniter\CodeIgniter->run()
#10 F:\XAMPP\htdocs\WDPF55_CI\CI_project\system\Commands\Server\rewrite.php(47): require_once('F:\\XAMPP\\htdocs...')
#11 {main}
CRITICAL - 2023-12-05 03:32:01 --> Unable to connect to the database.
Main connection [MySQLi]: No connection could be made because the target machine actively refused it
in SYSTEMPATH\Database\BaseConnection.php on line 428.
 1 SYSTEMPATH\Database\BaseConnection.php(575): CodeIgniter\Database\BaseConnection->initialize()
 2 SYSTEMPATH\Database\BaseBuilder.php(1615): CodeIgniter\Database\BaseConnection->query('SELECT *
FROM `products`', [], false)
 3 SYSTEMPATH\Model.php(237): CodeIgniter\Database\BaseBuilder->get()
 4 SYSTEMPATH\BaseModel.php(624): CodeIgniter\Model->doFindAll(0, 0)
 5 APPPATH\Controllers\Product.php(19): CodeIgniter\BaseModel->findAll()
 6 SYSTEMPATH\CodeIgniter.php(942): App\Controllers\Product->index()
 7 SYSTEMPATH\CodeIgniter.php(502): CodeIgniter\CodeIgniter->runController(Object(App\Controllers\Product))
 8 SYSTEMPATH\CodeIgniter.php(361): CodeIgniter\CodeIgniter->handleRequest(null, Object(Config\Cache), false)
 9 FCPATH\index.php(79): CodeIgniter\CodeIgniter->run()
10 SYSTEMPATH\Commands\Server\rewrite.php(47): require_once('F:\\XAMPP\\htdocs\\WDPF55_CI\\CI_project\\public\\index.php')
ERROR - 2023-12-05 03:32:23 --> Error connecting to the database: mysqli_sql_exception: No connection could be made because the target machine actively refused it in F:\XAMPP\htdocs\WDPF55_CI\CI_project\system\Database\MySQLi\Connection.php:185
Stack trace:
#0 F:\XAMPP\htdocs\WDPF55_CI\CI_project\system\Database\MySQLi\Connection.php(185): mysqli->real_connect('localhost', 'root', '', 'wdpf55_ci_proje...', 3306, '', 0)
#1 F:\XAMPP\htdocs\WDPF55_CI\CI_project\system\Database\BaseConnection.php(392): CodeIgniter\Database\MySQLi\Connection->connect(false)
#2 F:\XAMPP\htdocs\WDPF55_CI\CI_project\system\Database\BaseConnection.php(575): CodeIgniter\Database\BaseConnection->initialize()
#3 F:\XAMPP\htdocs\WDPF55_CI\CI_project\system\Database\BaseBuilder.php(1615): CodeIgniter\Database\BaseConnection->query('SELECT *\nFROM `...', Array, false)
#4 F:\XAMPP\htdocs\WDPF55_CI\CI_project\system\Model.php(237): CodeIgniter\Database\BaseBuilder->get()
#5 F:\XAMPP\htdocs\WDPF55_CI\CI_project\system\BaseModel.php(624): CodeIgniter\Model->doFindAll(0, 0)
#6 F:\XAMPP\htdocs\WDPF55_CI\CI_project\app\Controllers\Product.php(19): CodeIgniter\BaseModel->findAll()
#7 F:\XAMPP\htdocs\WDPF55_CI\CI_project\system\CodeIgniter.php(942): App\Controllers\Product->index()
#8 F:\XAMPP\htdocs\WDPF55_CI\CI_project\system\CodeIgniter.php(502): CodeIgniter\CodeIgniter->runController(Object(App\Controllers\Product))
#9 F:\XAMPP\htdocs\WDPF55_CI\CI_project\system\CodeIgniter.php(361): CodeIgniter\CodeIgniter->handleRequest(NULL, Object(Config\Cache), false)
#10 F:\XAMPP\htdocs\WDPF55_CI\CI_project\public\index.php(79): CodeIgniter\CodeIgniter->run()
#11 F:\XAMPP\htdocs\WDPF55_CI\CI_project\system\Commands\Server\rewrite.php(47): require_once('F:\\XAMPP\\htdocs...')
#12 {main}

Next CodeIgniter\Database\Exceptions\DatabaseException: No connection could be made because the target machine actively refused it in F:\XAMPP\htdocs\WDPF55_CI\CI_project\system\Database\MySQLi\Connection.php:229
Stack trace:
#0 F:\XAMPP\htdocs\WDPF55_CI\CI_project\system\Database\BaseConnection.php(392): CodeIgniter\Database\MySQLi\Connection->connect(false)
#1 F:\XAMPP\htdocs\WDPF55_CI\CI_project\system\Database\BaseConnection.php(575): CodeIgniter\Database\BaseConnection->initialize()
#2 F:\XAMPP\htdocs\WDPF55_CI\CI_project\system\Database\BaseBuilder.php(1615): CodeIgniter\Database\BaseConnection->query('SELECT *\nFROM `...', Array, false)
#3 F:\XAMPP\htdocs\WDPF55_CI\CI_project\system\Model.php(237): CodeIgniter\Database\BaseBuilder->get()
#4 F:\XAMPP\htdocs\WDPF55_CI\CI_project\system\BaseModel.php(624): CodeIgniter\Model->doFindAll(0, 0)
#5 F:\XAMPP\htdocs\WDPF55_CI\CI_project\app\Controllers\Product.php(19): CodeIgniter\BaseModel->findAll()
#6 F:\XAMPP\htdocs\WDPF55_CI\CI_project\system\CodeIgniter.php(942): App\Controllers\Product->index()
#7 F:\XAMPP\htdocs\WDPF55_CI\CI_project\system\CodeIgniter.php(502): CodeIgniter\CodeIgniter->runController(Object(App\Controllers\Product))
#8 F:\XAMPP\htdocs\WDPF55_CI\CI_project\system\CodeIgniter.php(361): CodeIgniter\CodeIgniter->handleRequest(NULL, Object(Config\Cache), false)
#9 F:\XAMPP\htdocs\WDPF55_CI\CI_project\public\index.php(79): CodeIgniter\CodeIgniter->run()
#10 F:\XAMPP\htdocs\WDPF55_CI\CI_project\system\Commands\Server\rewrite.php(47): require_once('F:\\XAMPP\\htdocs...')
#11 {main}
CRITICAL - 2023-12-05 03:32:23 --> Unable to connect to the database.
Main connection [MySQLi]: No connection could be made because the target machine actively refused it
in SYSTEMPATH\Database\BaseConnection.php on line 428.
 1 SYSTEMPATH\Database\BaseConnection.php(575): CodeIgniter\Database\BaseConnection->initialize()
 2 SYSTEMPATH\Database\BaseBuilder.php(1615): CodeIgniter\Database\BaseConnection->query('SELECT *
FROM `products`', [], false)
 3 SYSTEMPATH\Model.php(237): CodeIgniter\Database\BaseBuilder->get()
 4 SYSTEMPATH\BaseModel.php(624): CodeIgniter\Model->doFindAll(0, 0)
 5 APPPATH\Controllers\Product.php(19): CodeIgniter\BaseModel->findAll()
 6 SYSTEMPATH\CodeIgniter.php(942): App\Controllers\Product->index()
 7 SYSTEMPATH\CodeIgniter.php(502): CodeIgniter\CodeIgniter->runController(Object(App\Controllers\Product))
 8 SYSTEMPATH\CodeIgniter.php(361): CodeIgniter\CodeIgniter->handleRequest(null, Object(Config\Cache), false)
 9 FCPATH\index.php(79): CodeIgniter\CodeIgniter->run()
10 SYSTEMPATH\Commands\Server\rewrite.php(47): require_once('F:\\XAMPP\\htdocs\\WDPF55_CI\\CI_project\\public\\index.php')
ERROR - 2023-12-05 03:33:37 --> Error connecting to the database: mysqli_sql_exception: No connection could be made because the target machine actively refused it in F:\XAMPP\htdocs\WDPF55_CI\CI_project\system\Database\MySQLi\Connection.php:185
Stack trace:
#0 F:\XAMPP\htdocs\WDPF55_CI\CI_project\system\Database\MySQLi\Connection.php(185): mysqli->real_connect('localhost', 'root', '', 'wdpf55_ci_proje...', 3306, '', 0)
#1 F:\XAMPP\htdocs\WDPF55_CI\CI_project\system\Database\BaseConnection.php(392): CodeIgniter\Database\MySQLi\Connection->connect(false)
#2 F:\XAMPP\htdocs\WDPF55_CI\CI_project\system\Database\BaseConnection.php(575): CodeIgniter\Database\BaseConnection->initialize()
#3 F:\XAMPP\htdocs\WDPF55_CI\CI_project\system\Database\BaseBuilder.php(1615): CodeIgniter\Database\BaseConnection->query('SELECT *\nFROM `...', Array, false)
#4 F:\XAMPP\htdocs\WDPF55_CI\CI_project\system\Model.php(237): CodeIgniter\Database\BaseBuilder->get()
#5 F:\XAMPP\htdocs\WDPF55_CI\CI_project\system\BaseModel.php(624): CodeIgniter\Model->doFindAll(0, 0)
#6 F:\XAMPP\htdocs\WDPF55_CI\CI_project\app\Controllers\Product.php(19): CodeIgniter\BaseModel->findAll()
#7 F:\XAMPP\htdocs\WDPF55_CI\CI_project\system\CodeIgniter.php(942): App\Controllers\Product->index()
#8 F:\XAMPP\htdocs\WDPF55_CI\CI_project\system\CodeIgniter.php(502): CodeIgniter\CodeIgniter->runController(Object(App\Controllers\Product))
#9 F:\XAMPP\htdocs\WDPF55_CI\CI_project\system\CodeIgniter.php(361): CodeIgniter\CodeIgniter->handleRequest(NULL, Object(Config\Cache), false)
#10 F:\XAMPP\htdocs\WDPF55_CI\CI_project\public\index.php(79): CodeIgniter\CodeIgniter->run()
#11 F:\XAMPP\htdocs\WDPF55_CI\CI_project\system\Commands\Server\rewrite.php(47): require_once('F:\\XAMPP\\htdocs...')
#12 {main}

Next CodeIgniter\Database\Exceptions\DatabaseException: No connection could be made because the target machine actively refused it in F:\XAMPP\htdocs\WDPF55_CI\CI_project\system\Database\MySQLi\Connection.php:229
Stack trace:
#0 F:\XAMPP\htdocs\WDPF55_CI\CI_project\system\Database\BaseConnection.php(392): CodeIgniter\Database\MySQLi\Connection->connect(false)
#1 F:\XAMPP\htdocs\WDPF55_CI\CI_project\system\Database\BaseConnection.php(575): CodeIgniter\Database\BaseConnection->initialize()
#2 F:\XAMPP\htdocs\WDPF55_CI\CI_project\system\Database\BaseBuilder.php(1615): CodeIgniter\Database\BaseConnection->query('SELECT *\nFROM `...', Array, false)
#3 F:\XAMPP\htdocs\WDPF55_CI\CI_project\system\Model.php(237): CodeIgniter\Database\BaseBuilder->get()
#4 F:\XAMPP\htdocs\WDPF55_CI\CI_project\system\BaseModel.php(624): CodeIgniter\Model->doFindAll(0, 0)
#5 F:\XAMPP\htdocs\WDPF55_CI\CI_project\app\Controllers\Product.php(19): CodeIgniter\BaseModel->findAll()
#6 F:\XAMPP\htdocs\WDPF55_CI\CI_project\system\CodeIgniter.php(942): App\Controllers\Product->index()
#7 F:\XAMPP\htdocs\WDPF55_CI\CI_project\system\CodeIgniter.php(502): CodeIgniter\CodeIgniter->runController(Object(App\Controllers\Product))
#8 F:\XAMPP\htdocs\WDPF55_CI\CI_project\system\CodeIgniter.php(361): CodeIgniter\CodeIgniter->handleRequest(NULL, Object(Config\Cache), false)
#9 F:\XAMPP\htdocs\WDPF55_CI\CI_project\public\index.php(79): CodeIgniter\CodeIgniter->run()
#10 F:\XAMPP\htdocs\WDPF55_CI\CI_project\system\Commands\Server\rewrite.php(47): require_once('F:\\XAMPP\\htdocs...')
#11 {main}
CRITICAL - 2023-12-05 03:33:37 --> Unable to connect to the database.
Main connection [MySQLi]: No connection could be made because the target machine actively refused it
in SYSTEMPATH\Database\BaseConnection.php on line 428.
 1 SYSTEMPATH\Database\BaseConnection.php(575): CodeIgniter\Database\BaseConnection->initialize()
 2 SYSTEMPATH\Database\BaseBuilder.php(1615): CodeIgniter\Database\BaseConnection->query('SELECT *
FROM `products`', [], false)
 3 SYSTEMPATH\Model.php(237): CodeIgniter\Database\BaseBuilder->get()
 4 SYSTEMPATH\BaseModel.php(624): CodeIgniter\Model->doFindAll(0, 0)
 5 APPPATH\Controllers\Product.php(19): CodeIgniter\BaseModel->findAll()
 6 SYSTEMPATH\CodeIgniter.php(942): App\Controllers\Product->index()
 7 SYSTEMPATH\CodeIgniter.php(502): CodeIgniter\CodeIgniter->runController(Object(App\Controllers\Product))
 8 SYSTEMPATH\CodeIgniter.php(361): CodeIgniter\CodeIgniter->handleRequest(null, Object(Config\Cache), false)
 9 FCPATH\index.php(79): CodeIgniter\CodeIgniter->run()
10 SYSTEMPATH\Commands\Server\rewrite.php(47): require_once('F:\\XAMPP\\htdocs\\WDPF55_CI\\CI_project\\public\\index.php')
INFO - 2023-12-05 03:33:48 --> Session: Class initialized using 'CodeIgniter\Session\Handlers\FileHandler' driver.
INFO - 2023-12-05 03:33:54 --> Session: Class initialized using 'CodeIgniter\Session\Handlers\FileHandler' driver.
INFO - 2023-12-05 03:33:56 --> Session: Class initialized using 'CodeIgniter\Session\Handlers\FileHandler' driver.
INFO - 2023-12-05 03:34:03 --> Session: Class initialized using 'CodeIgniter\Session\Handlers\FileHandler' driver.
INFO - 2023-12-05 03:35:20 --> Session: Class initialized using 'CodeIgniter\Session\Handlers\FileHandler' driver.
INFO - 2023-12-05 03:35:50 --> Session: Class initialized using 'CodeIgniter\Session\Handlers\FileHandler' driver.
INFO - 2023-12-05 03:36:13 --> Session: Class initialized using 'CodeIgniter\Session\Handlers\FileHandler' driver.
INFO - 2023-12-05 03:39:12 --> Session: Class initialized using 'CodeIgniter\Session\Handlers\FileHandler' driver.
INFO - 2023-12-05 03:39:14 --> Session: Class initialized using 'CodeIgniter\Session\Handlers\FileHandler' driver.
INFO - 2023-12-05 03:39:19 --> Session: Class initialized using 'CodeIgniter\Session\Handlers\FileHandler' driver.
INFO - 2023-12-05 03:39:21 --> Session: Class initialized using 'CodeIgniter\Session\Handlers\FileHandler' driver.
INFO - 2023-12-05 03:44:08 --> Session: Class initialized using 'CodeIgniter\Session\Handlers\FileHandler' driver.
INFO - 2023-12-05 03:46:23 --> Session: Class initialized using 'CodeIgniter\Session\Handlers\FileHandler' driver.
INFO - 2023-12-05 03:46:25 --> Session: Class initialized using 'CodeIgniter\Session\Handlers\FileHandler' driver.
CRITICAL - 2023-12-05 03:47:03 --> strpos(): Argument #3 ($offset) must be contained in argument #1 ($haystack)
in SYSTEMPATH\Validation\Validation.php on line 935.
 1 SYSTEMPATH\Validation\Validation.php(935): strpos('required|numeric]|min_length[7]', '|', 32)
 2 SYSTEMPATH\Validation\Validation.php(578): CodeIgniter\Validation\Validation->splitRules([...])
 3 SYSTEMPATH\Controller.php(196): CodeIgniter\Validation\Validation->setRules([...], [])
 4 SYSTEMPATH\Controller.php(150): CodeIgniter\Controller->setValidator([...], [])
 5 APPPATH\Controllers\Product.php(46): CodeIgniter\Controller->validate([...])
 6 SYSTEMPATH\CodeIgniter.php(942): App\Controllers\Product->store()
 7 SYSTEMPATH\CodeIgniter.php(502): CodeIgniter\CodeIgniter->runController(Object(App\Controllers\Product))
 8 SYSTEMPATH\CodeIgniter.php(361): CodeIgniter\CodeIgniter->handleRequest(null, Object(Config\Cache), false)
 9 FCPATH\index.php(79): CodeIgniter\CodeIgniter->run()
10 SYSTEMPATH\Commands\Server\rewrite.php(47): require_once('F:\\XAMPP\\htdocs\\WDPF55_CI\\CI_project\\public\\index.php')
INFO - 2023-12-05 03:48:01 --> Session: Class initialized using 'CodeIgniter\Session\Handlers\FileHandler' driver.
CRITICAL - 2023-12-05 03:48:33 --> strpos(): Argument #3 ($offset) must be contained in argument #1 ($haystack)
in SYSTEMPATH\Validation\Validation.php on line 935.
 1 SYSTEMPATH\Validation\Validation.php(935): strpos('required|numeric]|min_length[7]', '|', 32)
 2 SYSTEMPATH\Validation\Validation.php(578): CodeIgniter\Validation\Validation->splitRules([...])
 3 SYSTEMPATH\Controller.php(196): CodeIgniter\Validation\Validation->setRules([...], [])
 4 SYSTEMPATH\Controller.php(150): CodeIgniter\Controller->setValidator([...], [])
 5 APPPATH\Controllers\Product.php(46): CodeIgniter\Controller->validate([...])
 6 SYSTEMPATH\CodeIgniter.php(942): App\Controllers\Product->store()
 7 SYSTEMPATH\CodeIgniter.php(502): CodeIgniter\CodeIgniter->runController(Object(App\Controllers\Product))
 8 SYSTEMPATH\CodeIgniter.php(361): CodeIgniter\CodeIgniter->handleRequest(null, Object(Config\Cache), false)
 9 FCPATH\index.php(79): CodeIgniter\CodeIgniter->run()
10 SYSTEMPATH\Commands\Server\rewrite.php(47): require_once('F:\\XAMPP\\htdocs\\WDPF55_CI\\CI_project\\public\\index.php')
INFO - 2023-12-05 03:49:40 --> Session: Class initialized using 'CodeIgniter\Session\Handlers\FileHandler' driver.
INFO - 2023-12-05 03:49:52 --> Session: Class initialized using 'CodeIgniter\Session\Handlers\FileHandler' driver.
INFO - 2023-12-05 03:49:57 --> Session: Class initialized using 'CodeIgniter\Session\Handlers\FileHandler' driver.
INFO - 2023-12-05 03:49:58 --> Session: Class initialized using 'CodeIgniter\Session\Handlers\FileHandler' driver.
INFO - 2023-12-05 03:50:48 --> Session: Class initialized using 'CodeIgniter\Session\Handlers\FileHandler' driver.
INFO - 2023-12-05 03:52:57 --> Session: Class initialized using 'CodeIgniter\Session\Handlers\FileHandler' driver.
INFO - 2023-12-05 03:53:03 --> Session: Class initialized using 'CodeIgniter\Session\Handlers\FileHandler' driver.
INFO - 2023-12-05 03:53:05 --> Session: Class initialized using 'CodeIgniter\Session\Handlers\FileHandler' driver.
INFO - 2023-12-05 03:53:05 --> Session: Class initialized using 'CodeIgniter\Session\Handlers\FileHandler' driver.
INFO - 2023-12-05 03:55:32 --> Session: Class initialized using 'CodeIgniter\Session\Handlers\FileHandler' driver.
CRITICAL - 2023-12-05 03:55:48 --> strpos(): Argument #3 ($offset) must be contained in argument #1 ($haystack)
in SYSTEMPATH\Validation\Validation.php on line 935.
 1 SYSTEMPATH\Validation\Validation.php(935): strpos('required|numeric]|min_length[7]', '|', 32)
 2 SYSTEMPATH\Validation\Validation.php(578): CodeIgniter\Validation\Validation->splitRules([...])
 3 SYSTEMPATH\Controller.php(196): CodeIgniter\Validation\Validation->setRules([...], [])
 4 SYSTEMPATH\Controller.php(150): CodeIgniter\Controller->setValidator([...], [])
 5 APPPATH\Controllers\Product.php(46): CodeIgniter\Controller->validate([...])
 6 SYSTEMPATH\CodeIgniter.php(942): App\Controllers\Product->store()
 7 SYSTEMPATH\CodeIgniter.php(502): CodeIgniter\CodeIgniter->runController(Object(App\Controllers\Product))
 8 SYSTEMPATH\CodeIgniter.php(361): CodeIgniter\CodeIgniter->handleRequest(null, Object(Config\Cache), false)
 9 FCPATH\index.php(79): CodeIgniter\CodeIgniter->run()
10 SYSTEMPATH\Commands\Server\rewrite.php(47): require_once('F:\\XAMPP\\htdocs\\WDPF55_CI\\CI_project\\public\\index.php')
INFO - 2023-12-05 03:55:57 --> Session: Class initialized using 'CodeIgniter\Session\Handlers\FileHandler' driver.
INFO - 2023-12-05 03:57:13 --> Session: Class initialized using 'CodeIgniter\Session\Handlers\FileHandler' driver.
INFO - 2023-12-05 03:57:15 --> Session: Class initialized using 'CodeIgniter\Session\Handlers\FileHandler' driver.
INFO - 2023-12-05 03:57:18 --> Session: Class initialized using 'CodeIgniter\Session\Handlers\FileHandler' driver.
CRITICAL - 2023-12-05 03:58:13 --> Deletes are not allowed unless they contain a "where" or "like" clause.
in SYSTEMPATH\Database\BaseBuilder.php on line 2766.
 1 SYSTEMPATH\Model.php(445): CodeIgniter\Database\BaseBuilder->delete()
 2 SYSTEMPATH\BaseModel.php(1080): CodeIgniter\Model->doDelete(null, false)
 3 APPPATH\Controllers\Product.php(81): CodeIgniter\BaseModel->delete()
 4 SYSTEMPATH\CodeIgniter.php(942): App\Controllers\Product->delete('7')
 5 SYSTEMPATH\CodeIgniter.php(502): CodeIgniter\CodeIgniter->runController(Object(App\Controllers\Product))
 6 SYSTEMPATH\CodeIgniter.php(361): CodeIgniter\CodeIgniter->handleRequest(null, Object(Config\Cache), false)
 7 FCPATH\index.php(79): CodeIgniter\CodeIgniter->run()
 8 SYSTEMPATH\Commands\Server\rewrite.php(47): require_once('F:\\XAMPP\\htdocs\\WDPF55_CI\\CI_project\\public\\index.php')
INFO - 2023-12-05 03:58:14 --> Session: Class initialized using 'CodeIgniter\Session\Handlers\FileHandler' driver.
INFO - 2023-12-05 03:58:16 --> Session: Class initialized using 'CodeIgniter\Session\Handlers\FileHandler' driver.
CRITICAL - 2023-12-05 03:58:17 --> Deletes are not allowed unless they contain a "where" or "like" clause.
in SYSTEMPATH\Database\BaseBuilder.php on line 2766.
 1 SYSTEMPATH\Model.php(445): CodeIgniter\Database\BaseBuilder->delete()
 2 SYSTEMPATH\BaseModel.php(1080): CodeIgniter\Model->doDelete(null, false)
 3 APPPATH\Controllers\Product.php(81): CodeIgniter\BaseModel->delete()
 4 SYSTEMPATH\CodeIgniter.php(942): App\Controllers\Product->delete('8')
 5 SYSTEMPATH\CodeIgniter.php(502): CodeIgniter\CodeIgniter->runController(Object(App\Controllers\Product))
 6 SYSTEMPATH\CodeIgniter.php(361): CodeIgniter\CodeIgniter->handleRequest(null, Object(Config\Cache), false)
 7 FCPATH\index.php(79): CodeIgniter\CodeIgniter->run()
 8 SYSTEMPATH\Commands\Server\rewrite.php(47): require_once('F:\\XAMPP\\htdocs\\WDPF55_CI\\CI_project\\public\\index.php')
INFO - 2023-12-05 03:58:19 --> Session: Class initialized using 'CodeIgniter\Session\Handlers\FileHandler' driver.
INFO - 2023-12-05 03:59:15 --> Session: Class initialized using 'CodeIgniter\Session\Handlers\FileHandler' driver.
INFO - 2023-12-05 03:59:18 --> Session: Class initialized using 'CodeIgniter\Session\Handlers\FileHandler' driver.
INFO - 2023-12-05 03:59:18 --> Session: Class initialized using 'CodeIgniter\Session\Handlers\FileHandler' driver.
INFO - 2023-12-05 04:04:33 --> Session: Class initialized using 'CodeIgniter\Session\Handlers\FileHandler' driver.
INFO - 2023-12-05 04:04:38 --> Session: Class initialized using 'CodeIgniter\Session\Handlers\FileHandler' driver.
INFO - 2023-12-05 04:04:39 --> Session: Class initialized using 'CodeIgniter\Session\Handlers\FileHandler' driver.
INFO - 2023-12-05 04:04:40 --> Session: Class initialized using 'CodeIgniter\Session\Handlers\FileHandler' driver.
INFO - 2023-12-05 04:04:46 --> Session: Class initialized using 'CodeIgniter\Session\Handlers\FileHandler' driver.
INFO - 2023-12-05 04:04:46 --> Session: Class initialized using 'CodeIgniter\Session\Handlers\FileHandler' driver.
INFO - 2023-12-05 04:04:52 --> Session: Class initialized using 'CodeIgniter\Session\Handlers\FileHandler' driver.
CRITICAL - 2023-12-05 04:04:58 --> strpos(): Argument #3 ($offset) must be contained in argument #1 ($haystack)
in SYSTEMPATH\Validation\Validation.php on line 935.
 1 SYSTEMPATH\Validation\Validation.php(935): strpos('required|numeric]|min_length[7]', '|', 32)
 2 SYSTEMPATH\Validation\Validation.php(578): CodeIgniter\Validation\Validation->splitRules([...])
 3 SYSTEMPATH\Controller.php(196): CodeIgniter\Validation\Validation->setRules([...], [])
 4 SYSTEMPATH\Controller.php(150): CodeIgniter\Controller->setValidator([...], [])
 5 APPPATH\Controllers\Product.php(46): CodeIgniter\Controller->validate([...])
 6 SYSTEMPATH\CodeIgniter.php(942): App\Controllers\Product->store()
 7 SYSTEMPATH\CodeIgniter.php(502): CodeIgniter\CodeIgniter->runController(Object(App\Controllers\Product))
 8 SYSTEMPATH\CodeIgniter.php(361): CodeIgniter\CodeIgniter->handleRequest(null, Object(Config\Cache), false)
 9 FCPATH\index.php(79): CodeIgniter\CodeIgniter->run()
10 SYSTEMPATH\Commands\Server\rewrite.php(47): require_once('F:\\XAMPP\\htdocs\\WDPF55_CI\\CI_project\\public\\index.php')
INFO - 2023-12-05 04:05:04 --> Session: Class initialized using 'CodeIgniter\Session\Handlers\FileHandler' driver.
INFO - 2023-12-05 04:05:30 --> Session: Class initialized using 'CodeIgniter\Session\Handlers\FileHandler' driver.
INFO - 2023-12-05 04:05:42 --> Session: Class initialized using 'CodeIgniter\Session\Handlers\FileHandler' driver.
INFO - 2023-12-05 04:05:48 --> Session: Class initialized using 'CodeIgniter\Session\Handlers\FileHandler' driver.
INFO - 2023-12-05 04:05:48 --> Session: Class initialized using 'CodeIgniter\Session\Handlers\FileHandler' driver.
INFO - 2023-12-05 04:05:53 --> Session: Class initialized using 'CodeIgniter\Session\Handlers\FileHandler' driver.
INFO - 2023-12-05 04:34:45 --> Session: Class initialized using 'CodeIgniter\Session\Handlers\FileHandler' driver.
INFO - 2023-12-05 04:34:49 --> Session: Class initialized using 'CodeIgniter\Session\Handlers\FileHandler' driver.
INFO - 2023-12-05 04:39:25 --> Session: Class initialized using 'CodeIgniter\Session\Handlers\FileHandler' driver.
INFO - 2023-12-05 04:39:31 --> Session: Class initialized using 'CodeIgniter\Session\Handlers\FileHandler' driver.
INFO - 2023-12-05 04:39:43 --> Session: Class initialized using 'CodeIgniter\Session\Handlers\FileHandler' driver.
CRITICAL - 2023-12-05 04:40:01 --> Call to a member function getName() on null
in APPPATH\Controllers\Product.php on line 36.
 1 SYSTEMPATH\CodeIgniter.php(942): App\Controllers\Product->store()
 2 SYSTEMPATH\CodeIgniter.php(502): CodeIgniter\CodeIgniter->runController(Object(App\Controllers\Product))
 3 SYSTEMPATH\CodeIgniter.php(361): CodeIgniter\CodeIgniter->handleRequest(null, Object(Config\Cache), false)
 4 FCPATH\index.php(79): CodeIgniter\CodeIgniter->run()
 5 SYSTEMPATH\Commands\Server\rewrite.php(47): require_once('F:\\XAMPP\\htdocs\\WDPF55_CI\\CI_project\\public\\index.php')
INFO - 2023-12-05 04:58:10 --> Session: Class initialized using 'CodeIgniter\Session\Handlers\FileHandler' driver.
INFO - 2023-12-05 04:58:14 --> Session: Class initialized using 'CodeIgniter\Session\Handlers\FileHandler' driver.
INFO - 2023-12-05 04:58:18 --> Session: Class initialized using 'CodeIgniter\Session\Handlers\FileHandler' driver.
CRITICAL - 2023-12-05 04:58:42 --> Call to a member function getName() on null
in APPPATH\Controllers\Product.php on line 36.
 1 SYSTEMPATH\CodeIgniter.php(942): App\Controllers\Product->store()
 2 SYSTEMPATH\CodeIgniter.php(502): CodeIgniter\CodeIgniter->runController(Object(App\Controllers\Product))
 3 SYSTEMPATH\CodeIgniter.php(361): CodeIgniter\CodeIgniter->handleRequest(null, Object(Config\Cache), false)
 4 FCPATH\index.php(79): CodeIgniter\CodeIgniter->run()
 5 SYSTEMPATH\Commands\Server\rewrite.php(47): require_once('F:\\XAMPP\\htdocs\\WDPF55_CI\\CI_project\\public\\index.php')
INFO - 2023-12-05 04:58:44 --> Session: Class initialized using 'CodeIgniter\Session\Handlers\FileHandler' driver.
INFO - 2023-12-05 04:59:09 --> Session: Class initialized using 'CodeIgniter\Session\Handlers\FileHandler' driver.
INFO - 2023-12-05 04:59:36 --> Session: Class initialized using 'CodeIgniter\Session\Handlers\FileHandler' driver.
INFO - 2023-12-05 05:01:05 --> Session: Class initialized using 'CodeIgniter\Session\Handlers\FileHandler' driver.
CRITICAL - 2023-12-05 05:01:20 --> Call to a member function getName() on null
in APPPATH\Controllers\Product.php on line 36.
 1 SYSTEMPATH\CodeIgniter.php(942): App\Controllers\Product->store()
 2 SYSTEMPATH\CodeIgniter.php(502): CodeIgniter\CodeIgniter->runController(Object(App\Controllers\Product))
 3 SYSTEMPATH\CodeIgniter.php(361): CodeIgniter\CodeIgniter->handleRequest(null, Object(Config\Cache), false)
 4 FCPATH\index.php(79): CodeIgniter\CodeIgniter->run()
 5 SYSTEMPATH\Commands\Server\rewrite.php(47): require_once('F:\\XAMPP\\htdocs\\WDPF55_CI\\CI_project\\public\\index.php')
INFO - 2023-12-05 05:08:31 --> Session: Class initialized using 'CodeIgniter\Session\Handlers\FileHandler' driver.
INFO - 2023-12-05 05:08:35 --> Session: Class initialized using 'CodeIgniter\Session\Handlers\FileHandler' driver.
INFO - 2023-12-05 05:08:38 --> Session: Class initialized using 'CodeIgniter\Session\Handlers\FileHandler' driver.
CRITICAL - 2023-12-05 05:08:55 --> Call to a member function getName() on null
in APPPATH\Controllers\Product.php on line 36.
 1 SYSTEMPATH\CodeIgniter.php(942): App\Controllers\Product->store()
 2 SYSTEMPATH\CodeIgniter.php(502): CodeIgniter\CodeIgniter->runController(Object(App\Controllers\Product))
 3 SYSTEMPATH\CodeIgniter.php(361): CodeIgniter\CodeIgniter->handleRequest(null, Object(Config\Cache), false)
 4 FCPATH\index.php(79): CodeIgniter\CodeIgniter->run()
 5 SYSTEMPATH\Commands\Server\rewrite.php(47): require_once('F:\\XAMPP\\htdocs\\WDPF55_CI\\CI_project\\public\\index.php')
INFO - 2023-12-05 05:08:59 --> Session: Class initialized using 'CodeIgniter\Session\Handlers\FileHandler' driver.
CRITICAL - 2023-12-05 05:09:03 --> Call to a member function getName() on null
in APPPATH\Controllers\Product.php on line 36.
 1 SYSTEMPATH\CodeIgniter.php(942): App\Controllers\Product->store()
 2 SYSTEMPATH\CodeIgniter.php(502): CodeIgniter\CodeIgniter->runController(Object(App\Controllers\Product))
 3 SYSTEMPATH\CodeIgniter.php(361): CodeIgniter\CodeIgniter->handleRequest(null, Object(Config\Cache), false)
 4 FCPATH\index.php(79): CodeIgniter\CodeIgniter->run()
 5 SYSTEMPATH\Commands\Server\rewrite.php(47): require_once('F:\\XAMPP\\htdocs\\WDPF55_CI\\CI_project\\public\\index.php')
INFO - 2023-12-05 05:09:06 --> Session: Class initialized using 'CodeIgniter\Session\Handlers\FileHandler' driver.
INFO - 2023-12-05 05:09:43 --> Session: Class initialized using 'CodeIgniter\Session\Handlers\FileHandler' driver.
INFO - 2023-12-05 05:09:45 --> Session: Class initialized using 'CodeIgniter\Session\Handlers\FileHandler' driver.
INFO - 2023-12-05 05:10:50 --> Session: Class initialized using 'CodeIgniter\Session\Handlers\FileHandler' driver.
INFO - 2023-12-05 05:11:45 --> Session: Class initialized using 'CodeIgniter\Session\Handlers\FileHandler' driver.
CRITICAL - 2023-12-05 05:11:58 --> Call to a member function getName() on null
in APPPATH\Controllers\Product.php on line 36.
 1 SYSTEMPATH\CodeIgniter.php(942): App\Controllers\Product->store()
 2 SYSTEMPATH\CodeIgniter.php(502): CodeIgniter\CodeIgniter->runController(Object(App\Controllers\Product))
 3 SYSTEMPATH\CodeIgniter.php(361): CodeIgniter\CodeIgniter->handleRequest(null, Object(Config\Cache), false)
 4 FCPATH\index.php(79): CodeIgniter\CodeIgniter->run()
 5 SYSTEMPATH\Commands\Server\rewrite.php(47): require_once('F:\\XAMPP\\htdocs\\WDPF55_CI\\CI_project\\public\\index.php')
INFO - 2023-12-05 05:14:53 --> Session: Class initialized using 'CodeIgniter\Session\Handlers\FileHandler' driver.
INFO - 2023-12-05 05:14:58 --> Session: Class initialized using 'CodeIgniter\Session\Handlers\FileHandler' driver.
CRITICAL - 2023-12-05 05:15:10 --> Call to a member function getName() on null
in APPPATH\Controllers\Product.php on line 36.
 1 SYSTEMPATH\CodeIgniter.php(942): App\Controllers\Product->store()
 2 SYSTEMPATH\CodeIgniter.php(502): CodeIgniter\CodeIgniter->runController(Object(App\Controllers\Product))
 3 SYSTEMPATH\CodeIgniter.php(361): CodeIgniter\CodeIgniter->handleRequest(null, Object(Config\Cache), false)
 4 FCPATH\index.php(79): CodeIgniter\CodeIgniter->run()
 5 SYSTEMPATH\Commands\Server\rewrite.php(47): require_once('F:\\XAMPP\\htdocs\\WDPF55_CI\\CI_project\\public\\index.php')
INFO - 2023-12-05 05:15:13 --> Session: Class initialized using 'CodeIgniter\Session\Handlers\FileHandler' driver.
INFO - 2023-12-05 05:15:40 --> Session: Class initialized using 'CodeIgniter\Session\Handlers\FileHandler' driver.
INFO - 2023-12-05 05:17:30 --> Session: Class initialized using 'CodeIgniter\Session\Handlers\FileHandler' driver.
INFO - 2023-12-05 05:17:32 --> Session: Class initialized using 'CodeIgniter\Session\Handlers\FileHandler' driver.
CRITICAL - 2023-12-05 05:17:43 --> Call to a member function getName() on null
in APPPATH\Controllers\Product.php on line 36.
 1 SYSTEMPATH\CodeIgniter.php(942): App\Controllers\Product->store()
 2 SYSTEMPATH\CodeIgniter.php(502): CodeIgniter\CodeIgniter->runController(Object(App\Controllers\Product))
 3 SYSTEMPATH\CodeIgniter.php(361): CodeIgniter\CodeIgniter->handleRequest(null, Object(Config\Cache), false)
 4 FCPATH\index.php(79): CodeIgniter\CodeIgniter->run()
 5 SYSTEMPATH\Commands\Server\rewrite.php(47): require_once('F:\\XAMPP\\htdocs\\WDPF55_CI\\CI_project\\public\\index.php')
CRITICAL - 2023-12-05 05:18:42 --> Call to a member function getName() on null
in APPPATH\Controllers\Product.php on line 36.
 1 SYSTEMPATH\CodeIgniter.php(942): App\Controllers\Product->store()
 2 SYSTEMPATH\CodeIgniter.php(502): CodeIgniter\CodeIgniter->runController(Object(App\Controllers\Product))
 3 SYSTEMPATH\CodeIgniter.php(361): CodeIgniter\CodeIgniter->handleRequest(null, Object(Config\Cache), false)
 4 FCPATH\index.php(79): CodeIgniter\CodeIgniter->run()
 5 SYSTEMPATH\Commands\Server\rewrite.php(47): require_once('F:\\XAMPP\\htdocs\\WDPF55_CI\\CI_project\\public\\index.php')
INFO - 2023-12-05 05:18:44 --> Session: Class initialized using 'CodeIgniter\Session\Handlers\FileHandler' driver.
INFO - 2023-12-05 05:18:47 --> Session: Class initialized using 'CodeIgniter\Session\Handlers\FileHandler' driver.
INFO - 2023-12-05 05:19:01 --> Session: Class initialized using 'CodeIgniter\Session\Handlers\FileHandler' driver.
INFO - 2023-12-05 05:20:00 --> Session: Class initialized using 'CodeIgniter\Session\Handlers\FileHandler' driver.
INFO - 2023-12-05 05:20:00 --> Session: Class initialized using 'CodeIgniter\Session\Handlers\FileHandler' driver.
INFO - 2023-12-05 05:22:20 --> Session: Class initialized using 'CodeIgniter\Session\Handlers\FileHandler' driver.
INFO - 2023-12-05 05:22:40 --> Session: Class initialized using 'CodeIgniter\Session\Handlers\FileHandler' driver.
INFO - 2023-12-05 05:22:40 --> Session: Class initialized using 'CodeIgniter\Session\Handlers\FileHandler' driver.
INFO - 2023-12-05 05:22:40 --> Session: Class initialized using 'CodeIgniter\Session\Handlers\FileHandler' driver.
INFO - 2023-12-05 05:22:40 --> Session: Class initialized using 'CodeIgniter\Session\Handlers\FileHandler' driver.
INFO - 2023-12-05 05:22:41 --> Session: Class initialized using 'CodeIgniter\Session\Handlers\FileHandler' driver.
INFO - 2023-12-05 05:22:41 --> Session: Class initialized using 'CodeIgniter\Session\Handlers\FileHandler' driver.
INFO - 2023-12-05 05:22:41 --> Session: Class initialized using 'CodeIgniter\Session\Handlers\FileHandler' driver.
INFO - 2023-12-05 05:22:41 --> Session: Class initialized using 'CodeIgniter\Session\Handlers\FileHandler' driver.
INFO - 2023-12-05 05:22:41 --> Session: Class initialized using 'CodeIgniter\Session\Handlers\FileHandler' driver.
INFO - 2023-12-05 05:22:43 --> Session: Class initialized using 'CodeIgniter\Session\Handlers\FileHandler' driver.
INFO - 2023-12-05 05:22:44 --> Session: Class initialized using 'CodeIgniter\Session\Handlers\FileHandler' driver.
INFO - 2023-12-05 05:25:09 --> Session: Class initialized using 'CodeIgniter\Session\Handlers\FileHandler' driver.
INFO - 2023-12-05 05:47:27 --> Session: Class initialized using 'CodeIgniter\Session\Handlers\FileHandler' driver.
INFO - 2023-12-05 05:47:36 --> Session: Class initialized using 'CodeIgniter\Session\Handlers\FileHandler' driver.
INFO - 2023-12-05 05:47:50 --> Session: Class initialized using 'CodeIgniter\Session\Handlers\FileHandler' driver.
INFO - 2023-12-05 05:47:50 --> Session: Class initialized using 'CodeIgniter\Session\Handlers\FileHandler' driver.
INFO - 2023-12-05 05:50:27 --> Session: Class initialized using 'CodeIgniter\Session\Handlers\FileHandler' driver.
INFO - 2023-12-05 05:50:38 --> Session: Class initialized using 'CodeIgniter\Session\Handlers\FileHandler' driver.
INFO - 2023-12-05 05:50:50 --> Session: Class initialized using 'CodeIgniter\Session\Handlers\FileHandler' driver.
INFO - 2023-12-05 05:50:50 --> Session: Class initialized using 'CodeIgniter\Session\Handlers\FileHandler' driver.
INFO - 2023-12-05 06:01:22 --> Session: Class initialized using 'CodeIgniter\Session\Handlers\FileHandler' driver.
INFO - 2023-12-05 06:03:52 --> Session: Class initialized using 'CodeIgniter\Session\Handlers\FileHandler' driver.
INFO - 2023-12-05 06:04:03 --> Session: Class initialized using 'CodeIgniter\Session\Handlers\FileHandler' driver.
INFO - 2023-12-05 06:04:03 --> Session: Class initialized using 'CodeIgniter\Session\Handlers\FileHandler' driver.
INFO - 2023-12-05 06:04:04 --> Session: Class initialized using 'CodeIgniter\Session\Handlers\FileHandler' driver.
INFO - 2023-12-05 06:04:04 --> Session: Class initialized using 'CodeIgniter\Session\Handlers\FileHandler' driver.
INFO - 2023-12-05 06:04:04 --> Session: Class initialized using 'CodeIgniter\Session\Handlers\FileHandler' driver.
INFO - 2023-12-05 06:04:04 --> Session: Class initialized using 'CodeIgniter\Session\Handlers\FileHandler' driver.
INFO - 2023-12-05 06:04:04 --> Session: Class initialized using 'CodeIgniter\Session\Handlers\FileHandler' driver.
INFO - 2023-12-05 06:04:04 --> Session: Class initialized using 'CodeIgniter\Session\Handlers\FileHandler' driver.
INFO - 2023-12-05 06:04:04 --> Session: Class initialized using 'CodeIgniter\Session\Handlers\FileHandler' driver.
INFO - 2023-12-05 06:04:04 --> Session: Class initialized using 'CodeIgniter\Session\Handlers\FileHandler' driver.
INFO - 2023-12-05 06:04:05 --> Session: Class initialized using 'CodeIgniter\Session\Handlers\FileHandler' driver.
INFO - 2023-12-05 06:04:05 --> Session: Class initialized using 'CodeIgniter\Session\Handlers\FileHandler' driver.
INFO - 2023-12-05 06:04:05 --> Session: Class initialized using 'CodeIgniter\Session\Handlers\FileHandler' driver.
INFO - 2023-12-05 06:04:05 --> Session: Class initialized using 'CodeIgniter\Session\Handlers\FileHandler' driver.
INFO - 2023-12-05 06:04:05 --> Session: Class initialized using 'CodeIgniter\Session\Handlers\FileHandler' driver.
INFO - 2023-12-05 06:04:05 --> Session: Class initialized using 'CodeIgniter\Session\Handlers\FileHandler' driver.
INFO - 2023-12-05 06:04:05 --> Session: Class initialized using 'CodeIgniter\Session\Handlers\FileHandler' driver.
INFO - 2023-12-05 06:04:05 --> Session: Class initialized using 'CodeIgniter\Session\Handlers\FileHandler' driver.
INFO - 2023-12-05 06:04:05 --> Session: Class initialized using 'CodeIgniter\Session\Handlers\FileHandler' driver.
INFO - 2023-12-05 06:04:06 --> Session: Class initialized using 'CodeIgniter\Session\Handlers\FileHandler' driver.
INFO - 2023-12-05 06:04:08 --> Session: Class initialized using 'CodeIgniter\Session\Handlers\FileHandler' driver.
INFO - 2023-12-05 06:04:08 --> Session: Class initialized using 'CodeIgniter\Session\Handlers\FileHandler' driver.
INFO - 2023-12-05 06:04:09 --> Session: Class initialized using 'CodeIgniter\Session\Handlers\FileHandler' driver.
INFO - 2023-12-05 06:04:09 --> Session: Class initialized using 'CodeIgniter\Session\Handlers\FileHandler' driver.
INFO - 2023-12-05 06:04:11 --> Session: Class initialized using 'CodeIgniter\Session\Handlers\FileHandler' driver.
INFO - 2023-12-05 06:04:11 --> Session: Class initialized using 'CodeIgniter\Session\Handlers\FileHandler' driver.
INFO - 2023-12-05 06:04:13 --> Session: Class initialized using 'CodeIgniter\Session\Handlers\FileHandler' driver.
INFO - 2023-12-05 06:04:14 --> Session: Class initialized using 'CodeIgniter\Session\Handlers\FileHandler' driver.
INFO - 2023-12-05 06:04:15 --> Session: Class initialized using 'CodeIgniter\Session\Handlers\FileHandler' driver.
INFO - 2023-12-05 06:04:15 --> Session: Class initialized using 'CodeIgniter\Session\Handlers\FileHandler' driver.
INFO - 2023-12-05 06:04:17 --> Session: Class initialized using 'CodeIgniter\Session\Handlers\FileHandler' driver.
INFO - 2023-12-05 06:04:17 --> Session: Class initialized using 'CodeIgniter\Session\Handlers\FileHandler' driver.
INFO - 2023-12-05 06:04:18 --> Session: Class initialized using 'CodeIgniter\Session\Handlers\FileHandler' driver.
INFO - 2023-12-05 06:04:18 --> Session: Class initialized using 'CodeIgniter\Session\Handlers\FileHandler' driver.
INFO - 2023-12-05 06:04:19 --> Session: Class initialized using 'CodeIgniter\Session\Handlers\FileHandler' driver.
INFO - 2023-12-05 06:04:20 --> Session: Class initialized using 'CodeIgniter\Session\Handlers\FileHandler' driver.
INFO - 2023-12-05 06:04:22 --> Session: Class initialized using 'CodeIgniter\Session\Handlers\FileHandler' driver.
INFO - 2023-12-05 06:04:22 --> Session: Class initialized using 'CodeIgniter\Session\Handlers\FileHandler' driver.
INFO - 2023-12-05 06:04:54 --> Session: Class initialized using 'CodeIgniter\Session\Handlers\FileHandler' driver.
INFO - 2023-12-05 06:04:54 --> Session: Class initialized using 'CodeIgniter\Session\Handlers\FileHandler' driver.
INFO - 2023-12-05 06:04:55 --> Session: Class initialized using 'CodeIgniter\Session\Handlers\FileHandler' driver.
INFO - 2023-12-05 06:04:55 --> Session: Class initialized using 'CodeIgniter\Session\Handlers\FileHandler' driver.
INFO - 2023-12-05 06:04:55 --> Session: Class initialized using 'CodeIgniter\Session\Handlers\FileHandler' driver.
INFO - 2023-12-05 06:04:55 --> Session: Class initialized using 'CodeIgniter\Session\Handlers\FileHandler' driver.
INFO - 2023-12-05 06:04:55 --> Session: Class initialized using 'CodeIgniter\Session\Handlers\FileHandler' driver.
INFO - 2023-12-05 06:04:55 --> Session: Class initialized using 'CodeIgniter\Session\Handlers\FileHandler' driver.
INFO - 2023-12-05 06:04:55 --> Session: Class initialized using 'CodeIgniter\Session\Handlers\FileHandler' driver.
INFO - 2023-12-05 06:04:55 --> Session: Class initialized using 'CodeIgniter\Session\Handlers\FileHandler' driver.
INFO - 2023-12-05 06:04:55 --> Session: Class initialized using 'CodeIgniter\Session\Handlers\FileHandler' driver.
INFO - 2023-12-05 06:04:56 --> Session: Class initialized using 'CodeIgniter\Session\Handlers\FileHandler' driver.
INFO - 2023-12-05 06:04:56 --> Session: Class initialized using 'CodeIgniter\Session\Handlers\FileHandler' driver.
INFO - 2023-12-05 06:04:58 --> Session: Class initialized using 'CodeIgniter\Session\Handlers\FileHandler' driver.
INFO - 2023-12-05 06:04:58 --> Session: Class initialized using 'CodeIgniter\Session\Handlers\FileHandler' driver.
INFO - 2023-12-05 06:05:00 --> Session: Class initialized using 'CodeIgniter\Session\Handlers\FileHandler' driver.
INFO - 2023-12-05 06:05:01 --> Session: Class initialized using 'CodeIgniter\Session\Handlers\FileHandler' driver.
INFO - 2023-12-05 06:05:02 --> Session: Class initialized using 'CodeIgniter\Session\Handlers\FileHandler' driver.
INFO - 2023-12-05 06:05:02 --> Session: Class initialized using 'CodeIgniter\Session\Handlers\FileHandler' driver.
