CRITICAL - 2023-12-03 03:49:46 --> Undefined variable $title
in APPPATH\Views\products\create.php on line 12.
 1 APPPATH\Views\products\create.php(12): CodeIgniter\Debug\Exceptions->errorHandler(2, 'Undefined variable $title', 'F:\\XAMPP\\htdocs\\WDPF55_CI\\CI_project\\app\\Views\\products\\create.php', 12)
 2 SYSTEMPATH\View\View.php(228): include('F:\\XAMPP\\htdocs\\WDPF55_CI\\CI_project\\app\\Views\\products\\create.php')
 3 SYSTEMPATH\View\View.php(231): CodeIgniter\View\View->CodeIgniter\View\{closure}()
 4 SYSTEMPATH\Common.php(1190): CodeIgniter\View\View->render('products/create', [], true)
 5 APPPATH\Controllers\Product.php(24): view('products/create')
 6 SYSTEMPATH\CodeIgniter.php(942): App\Controllers\Product->create()
 7 SYSTEMPATH\CodeIgniter.php(502): CodeIgniter\CodeIgniter->runController(Object(App\Controllers\Product))
 8 SYSTEMPATH\CodeIgniter.php(361): CodeIgniter\CodeIgniter->handleRequest(null, Object(Config\Cache), false)
 9 FCPATH\index.php(79): CodeIgniter\CodeIgniter->run()
10 SYSTEMPATH\Commands\Server\rewrite.php(47): require_once('F:\\XAMPP\\htdocs\\WDPF55_CI\\CI_project\\public\\index.php')
CRITICAL - 2023-12-03 03:54:05 --> Undefined variable $title
in APPPATH\Views\products\create.php on line 12.
 1 APPPATH\Views\products\create.php(12): CodeIgniter\Debug\Exceptions->errorHandler(2, 'Undefined variable $title', 'F:\\XAMPP\\htdocs\\WDPF55_CI\\CI_project\\app\\Views\\products\\create.php', 12)
 2 SYSTEMPATH\View\View.php(228): include('F:\\XAMPP\\htdocs\\WDPF55_CI\\CI_project\\app\\Views\\products\\create.php')
 3 SYSTEMPATH\View\View.php(231): CodeIgniter\View\View->CodeIgniter\View\{closure}()
 4 SYSTEMPATH\Common.php(1190): CodeIgniter\View\View->render('products/create', [], true)
 5 APPPATH\Controllers\Product.php(24): view('products/create')
 6 SYSTEMPATH\CodeIgniter.php(942): App\Controllers\Product->create()
 7 SYSTEMPATH\CodeIgniter.php(502): CodeIgniter\CodeIgniter->runController(Object(App\Controllers\Product))
 8 SYSTEMPATH\CodeIgniter.php(361): CodeIgniter\CodeIgniter->handleRequest(null, Object(Config\Cache), false)
 9 FCPATH\index.php(79): CodeIgniter\CodeIgniter->run()
10 SYSTEMPATH\Commands\Server\rewrite.php(47): require_once('F:\\XAMPP\\htdocs\\WDPF55_CI\\CI_project\\public\\index.php')
CRITICAL - 2023-12-03 03:55:44 --> Undefined variable $title
in APPPATH\Views\products\create.php on line 12.
 1 APPPATH\Views\products\create.php(12): CodeIgniter\Debug\Exceptions->errorHandler(2, 'Undefined variable $title', 'F:\\XAMPP\\htdocs\\WDPF55_CI\\CI_project\\app\\Views\\products\\create.php', 12)
 2 SYSTEMPATH\View\View.php(228): include('F:\\XAMPP\\htdocs\\WDPF55_CI\\CI_project\\app\\Views\\products\\create.php')
 3 SYSTEMPATH\View\View.php(231): CodeIgniter\View\View->CodeIgniter\View\{closure}()
 4 SYSTEMPATH\Common.php(1190): CodeIgniter\View\View->render('products/create', [], true)
 5 APPPATH\Controllers\Product.php(24): view('products/create')
 6 SYSTEMPATH\CodeIgniter.php(942): App\Controllers\Product->create()
 7 SYSTEMPATH\CodeIgniter.php(502): CodeIgniter\CodeIgniter->runController(Object(App\Controllers\Product))
 8 SYSTEMPATH\CodeIgniter.php(361): CodeIgniter\CodeIgniter->handleRequest(null, Object(Config\Cache), false)
 9 FCPATH\index.php(79): CodeIgniter\CodeIgniter->run()
10 SYSTEMPATH\Commands\Server\rewrite.php(47): require_once('F:\\XAMPP\\htdocs\\WDPF55_CI\\CI_project\\public\\index.php')
CRITICAL - 2023-12-03 04:00:27 --> Undefined variable $title
in APPPATH\Views\products\create.php on line 12.
 1 APPPATH\Views\products\create.php(12): CodeIgniter\Debug\Exceptions->errorHandler(2, 'Undefined variable $title', 'F:\\XAMPP\\htdocs\\WDPF55_CI\\CI_project\\app\\Views\\products\\create.php', 12)
 2 SYSTEMPATH\View\View.php(228): include('F:\\XAMPP\\htdocs\\WDPF55_CI\\CI_project\\app\\Views\\products\\create.php')
 3 SYSTEMPATH\View\View.php(231): CodeIgniter\View\View->CodeIgniter\View\{closure}()
 4 SYSTEMPATH\Common.php(1190): CodeIgniter\View\View->render('products/create', [], true)
 5 APPPATH\Controllers\Product.php(24): view('products/create')
 6 SYSTEMPATH\CodeIgniter.php(942): App\Controllers\Product->create()
 7 SYSTEMPATH\CodeIgniter.php(502): CodeIgniter\CodeIgniter->runController(Object(App\Controllers\Product))
 8 SYSTEMPATH\CodeIgniter.php(361): CodeIgniter\CodeIgniter->handleRequest(null, Object(Config\Cache), false)
 9 FCPATH\index.php(79): CodeIgniter\CodeIgniter->run()
10 SYSTEMPATH\Commands\Server\rewrite.php(47): require_once('F:\\XAMPP\\htdocs\\WDPF55_CI\\CI_project\\public\\index.php')
CRITICAL - 2023-12-03 04:03:51 --> Undefined variable $title
in APPPATH\Views\products\create.php on line 12.
 1 APPPATH\Views\products\create.php(12): CodeIgniter\Debug\Exceptions->errorHandler(2, 'Undefined variable $title', 'F:\\XAMPP\\htdocs\\WDPF55_CI\\CI_project\\app\\Views\\products\\create.php', 12)
 2 SYSTEMPATH\View\View.php(228): include('F:\\XAMPP\\htdocs\\WDPF55_CI\\CI_project\\app\\Views\\products\\create.php')
 3 SYSTEMPATH\View\View.php(231): CodeIgniter\View\View->CodeIgniter\View\{closure}()
 4 SYSTEMPATH\Common.php(1190): CodeIgniter\View\View->render('products/create', [], true)
 5 APPPATH\Controllers\Product.php(24): view('products/create')
 6 SYSTEMPATH\CodeIgniter.php(942): App\Controllers\Product->create()
 7 SYSTEMPATH\CodeIgniter.php(502): CodeIgniter\CodeIgniter->runController(Object(App\Controllers\Product))
 8 SYSTEMPATH\CodeIgniter.php(361): CodeIgniter\CodeIgniter->handleRequest(null, Object(Config\Cache), false)
 9 FCPATH\index.php(79): CodeIgniter\CodeIgniter->run()
10 SYSTEMPATH\Commands\Server\rewrite.php(47): require_once('F:\\XAMPP\\htdocs\\WDPF55_CI\\CI_project\\public\\index.php')
CRITICAL - 2023-12-03 04:05:31 --> Undefined variable $title
in APPPATH\Views\products\create.php on line 12.
 1 APPPATH\Views\products\create.php(12): CodeIgniter\Debug\Exceptions->errorHandler(2, 'Undefined variable $title', 'F:\\XAMPP\\htdocs\\WDPF55_CI\\CI_project\\app\\Views\\products\\create.php', 12)
 2 SYSTEMPATH\View\View.php(228): include('F:\\XAMPP\\htdocs\\WDPF55_CI\\CI_project\\app\\Views\\products\\create.php')
 3 SYSTEMPATH\View\View.php(231): CodeIgniter\View\View->CodeIgniter\View\{closure}()
 4 SYSTEMPATH\Common.php(1190): CodeIgniter\View\View->render('products/create', [], true)
 5 APPPATH\Controllers\Product.php(24): view('products/create')
 6 SYSTEMPATH\CodeIgniter.php(942): App\Controllers\Product->create()
 7 SYSTEMPATH\CodeIgniter.php(502): CodeIgniter\CodeIgniter->runController(Object(App\Controllers\Product))
 8 SYSTEMPATH\CodeIgniter.php(361): CodeIgniter\CodeIgniter->handleRequest(null, Object(Config\Cache), false)
 9 FCPATH\index.php(79): CodeIgniter\CodeIgniter->run()
10 SYSTEMPATH\Commands\Server\rewrite.php(47): require_once('F:\\XAMPP\\htdocs\\WDPF55_CI\\CI_project\\public\\index.php')
CRITICAL - 2023-12-03 04:05:33 --> Undefined variable $title
in APPPATH\Views\products\create.php on line 12.
 1 APPPATH\Views\products\create.php(12): CodeIgniter\Debug\Exceptions->errorHandler(2, 'Undefined variable $title', 'F:\\XAMPP\\htdocs\\WDPF55_CI\\CI_project\\app\\Views\\products\\create.php', 12)
 2 SYSTEMPATH\View\View.php(228): include('F:\\XAMPP\\htdocs\\WDPF55_CI\\CI_project\\app\\Views\\products\\create.php')
 3 SYSTEMPATH\View\View.php(231): CodeIgniter\View\View->CodeIgniter\View\{closure}()
 4 SYSTEMPATH\Common.php(1190): CodeIgniter\View\View->render('products/create', [], true)
 5 APPPATH\Controllers\Product.php(24): view('products/create')
 6 SYSTEMPATH\CodeIgniter.php(942): App\Controllers\Product->create()
 7 SYSTEMPATH\CodeIgniter.php(502): CodeIgniter\CodeIgniter->runController(Object(App\Controllers\Product))
 8 SYSTEMPATH\CodeIgniter.php(361): CodeIgniter\CodeIgniter->handleRequest(null, Object(Config\Cache), false)
 9 FCPATH\index.php(79): CodeIgniter\CodeIgniter->run()
10 SYSTEMPATH\Commands\Server\rewrite.php(47): require_once('F:\\XAMPP\\htdocs\\WDPF55_CI\\CI_project\\public\\index.php')
CRITICAL - 2023-12-03 04:05:34 --> Undefined variable $title
in APPPATH\Views\products\create.php on line 12.
 1 APPPATH\Views\products\create.php(12): CodeIgniter\Debug\Exceptions->errorHandler(2, 'Undefined variable $title', 'F:\\XAMPP\\htdocs\\WDPF55_CI\\CI_project\\app\\Views\\products\\create.php', 12)
 2 SYSTEMPATH\View\View.php(228): include('F:\\XAMPP\\htdocs\\WDPF55_CI\\CI_project\\app\\Views\\products\\create.php')
 3 SYSTEMPATH\View\View.php(231): CodeIgniter\View\View->CodeIgniter\View\{closure}()
 4 SYSTEMPATH\Common.php(1190): CodeIgniter\View\View->render('products/create', [], true)
 5 APPPATH\Controllers\Product.php(24): view('products/create')
 6 SYSTEMPATH\CodeIgniter.php(942): App\Controllers\Product->create()
 7 SYSTEMPATH\CodeIgniter.php(502): CodeIgniter\CodeIgniter->runController(Object(App\Controllers\Product))
 8 SYSTEMPATH\CodeIgniter.php(361): CodeIgniter\CodeIgniter->handleRequest(null, Object(Config\Cache), false)
 9 FCPATH\index.php(79): CodeIgniter\CodeIgniter->run()
10 SYSTEMPATH\Commands\Server\rewrite.php(47): require_once('F:\\XAMPP\\htdocs\\WDPF55_CI\\CI_project\\public\\index.php')
CRITICAL - 2023-12-03 04:05:35 --> Undefined variable $title
in APPPATH\Views\products\create.php on line 12.
 1 APPPATH\Views\products\create.php(12): CodeIgniter\Debug\Exceptions->errorHandler(2, 'Undefined variable $title', 'F:\\XAMPP\\htdocs\\WDPF55_CI\\CI_project\\app\\Views\\products\\create.php', 12)
 2 SYSTEMPATH\View\View.php(228): include('F:\\XAMPP\\htdocs\\WDPF55_CI\\CI_project\\app\\Views\\products\\create.php')
 3 SYSTEMPATH\View\View.php(231): CodeIgniter\View\View->CodeIgniter\View\{closure}()
 4 SYSTEMPATH\Common.php(1190): CodeIgniter\View\View->render('products/create', [], true)
 5 APPPATH\Controllers\Product.php(24): view('products/create')
 6 SYSTEMPATH\CodeIgniter.php(942): App\Controllers\Product->create()
 7 SYSTEMPATH\CodeIgniter.php(502): CodeIgniter\CodeIgniter->runController(Object(App\Controllers\Product))
 8 SYSTEMPATH\CodeIgniter.php(361): CodeIgniter\CodeIgniter->handleRequest(null, Object(Config\Cache), false)
 9 FCPATH\index.php(79): CodeIgniter\CodeIgniter->run()
10 SYSTEMPATH\Commands\Server\rewrite.php(47): require_once('F:\\XAMPP\\htdocs\\WDPF55_CI\\CI_project\\public\\index.php')
CRITICAL - 2023-12-03 04:05:36 --> Undefined variable $title
in APPPATH\Views\products\create.php on line 12.
 1 APPPATH\Views\products\create.php(12): CodeIgniter\Debug\Exceptions->errorHandler(2, 'Undefined variable $title', 'F:\\XAMPP\\htdocs\\WDPF55_CI\\CI_project\\app\\Views\\products\\create.php', 12)
 2 SYSTEMPATH\View\View.php(228): include('F:\\XAMPP\\htdocs\\WDPF55_CI\\CI_project\\app\\Views\\products\\create.php')
 3 SYSTEMPATH\View\View.php(231): CodeIgniter\View\View->CodeIgniter\View\{closure}()
 4 SYSTEMPATH\Common.php(1190): CodeIgniter\View\View->render('products/create', [], true)
 5 APPPATH\Controllers\Product.php(24): view('products/create')
 6 SYSTEMPATH\CodeIgniter.php(942): App\Controllers\Product->create()
 7 SYSTEMPATH\CodeIgniter.php(502): CodeIgniter\CodeIgniter->runController(Object(App\Controllers\Product))
 8 SYSTEMPATH\CodeIgniter.php(361): CodeIgniter\CodeIgniter->handleRequest(null, Object(Config\Cache), false)
 9 FCPATH\index.php(79): CodeIgniter\CodeIgniter->run()
10 SYSTEMPATH\Commands\Server\rewrite.php(47): require_once('F:\\XAMPP\\htdocs\\WDPF55_CI\\CI_project\\public\\index.php')
CRITICAL - 2023-12-03 04:05:36 --> Undefined variable $title
in APPPATH\Views\products\create.php on line 12.
 1 APPPATH\Views\products\create.php(12): CodeIgniter\Debug\Exceptions->errorHandler(2, 'Undefined variable $title', 'F:\\XAMPP\\htdocs\\WDPF55_CI\\CI_project\\app\\Views\\products\\create.php', 12)
 2 SYSTEMPATH\View\View.php(228): include('F:\\XAMPP\\htdocs\\WDPF55_CI\\CI_project\\app\\Views\\products\\create.php')
 3 SYSTEMPATH\View\View.php(231): CodeIgniter\View\View->CodeIgniter\View\{closure}()
 4 SYSTEMPATH\Common.php(1190): CodeIgniter\View\View->render('products/create', [], true)
 5 APPPATH\Controllers\Product.php(24): view('products/create')
 6 SYSTEMPATH\CodeIgniter.php(942): App\Controllers\Product->create()
 7 SYSTEMPATH\CodeIgniter.php(502): CodeIgniter\CodeIgniter->runController(Object(App\Controllers\Product))
 8 SYSTEMPATH\CodeIgniter.php(361): CodeIgniter\CodeIgniter->handleRequest(null, Object(Config\Cache), false)
 9 FCPATH\index.php(79): CodeIgniter\CodeIgniter->run()
10 SYSTEMPATH\Commands\Server\rewrite.php(47): require_once('F:\\XAMPP\\htdocs\\WDPF55_CI\\CI_project\\public\\index.php')
CRITICAL - 2023-12-03 04:05:37 --> Undefined variable $title
in APPPATH\Views\products\create.php on line 12.
 1 APPPATH\Views\products\create.php(12): CodeIgniter\Debug\Exceptions->errorHandler(2, 'Undefined variable $title', 'F:\\XAMPP\\htdocs\\WDPF55_CI\\CI_project\\app\\Views\\products\\create.php', 12)
 2 SYSTEMPATH\View\View.php(228): include('F:\\XAMPP\\htdocs\\WDPF55_CI\\CI_project\\app\\Views\\products\\create.php')
 3 SYSTEMPATH\View\View.php(231): CodeIgniter\View\View->CodeIgniter\View\{closure}()
 4 SYSTEMPATH\Common.php(1190): CodeIgniter\View\View->render('products/create', [], true)
 5 APPPATH\Controllers\Product.php(24): view('products/create')
 6 SYSTEMPATH\CodeIgniter.php(942): App\Controllers\Product->create()
 7 SYSTEMPATH\CodeIgniter.php(502): CodeIgniter\CodeIgniter->runController(Object(App\Controllers\Product))
 8 SYSTEMPATH\CodeIgniter.php(361): CodeIgniter\CodeIgniter->handleRequest(null, Object(Config\Cache), false)
 9 FCPATH\index.php(79): CodeIgniter\CodeIgniter->run()
10 SYSTEMPATH\Commands\Server\rewrite.php(47): require_once('F:\\XAMPP\\htdocs\\WDPF55_CI\\CI_project\\public\\index.php')
CRITICAL - 2023-12-03 04:05:37 --> Undefined variable $title
in APPPATH\Views\products\create.php on line 12.
 1 APPPATH\Views\products\create.php(12): CodeIgniter\Debug\Exceptions->errorHandler(2, 'Undefined variable $title', 'F:\\XAMPP\\htdocs\\WDPF55_CI\\CI_project\\app\\Views\\products\\create.php', 12)
 2 SYSTEMPATH\View\View.php(228): include('F:\\XAMPP\\htdocs\\WDPF55_CI\\CI_project\\app\\Views\\products\\create.php')
 3 SYSTEMPATH\View\View.php(231): CodeIgniter\View\View->CodeIgniter\View\{closure}()
 4 SYSTEMPATH\Common.php(1190): CodeIgniter\View\View->render('products/create', [], true)
 5 APPPATH\Controllers\Product.php(24): view('products/create')
 6 SYSTEMPATH\CodeIgniter.php(942): App\Controllers\Product->create()
 7 SYSTEMPATH\CodeIgniter.php(502): CodeIgniter\CodeIgniter->runController(Object(App\Controllers\Product))
 8 SYSTEMPATH\CodeIgniter.php(361): CodeIgniter\CodeIgniter->handleRequest(null, Object(Config\Cache), false)
 9 FCPATH\index.php(79): CodeIgniter\CodeIgniter->run()
10 SYSTEMPATH\Commands\Server\rewrite.php(47): require_once('F:\\XAMPP\\htdocs\\WDPF55_CI\\CI_project\\public\\index.php')
CRITICAL - 2023-12-03 04:05:37 --> Undefined variable $title
in APPPATH\Views\products\create.php on line 12.
 1 APPPATH\Views\products\create.php(12): CodeIgniter\Debug\Exceptions->errorHandler(2, 'Undefined variable $title', 'F:\\XAMPP\\htdocs\\WDPF55_CI\\CI_project\\app\\Views\\products\\create.php', 12)
 2 SYSTEMPATH\View\View.php(228): include('F:\\XAMPP\\htdocs\\WDPF55_CI\\CI_project\\app\\Views\\products\\create.php')
 3 SYSTEMPATH\View\View.php(231): CodeIgniter\View\View->CodeIgniter\View\{closure}()
 4 SYSTEMPATH\Common.php(1190): CodeIgniter\View\View->render('products/create', [], true)
 5 APPPATH\Controllers\Product.php(24): view('products/create')
 6 SYSTEMPATH\CodeIgniter.php(942): App\Controllers\Product->create()
 7 SYSTEMPATH\CodeIgniter.php(502): CodeIgniter\CodeIgniter->runController(Object(App\Controllers\Product))
 8 SYSTEMPATH\CodeIgniter.php(361): CodeIgniter\CodeIgniter->handleRequest(null, Object(Config\Cache), false)
 9 FCPATH\index.php(79): CodeIgniter\CodeIgniter->run()
10 SYSTEMPATH\Commands\Server\rewrite.php(47): require_once('F:\\XAMPP\\htdocs\\WDPF55_CI\\CI_project\\public\\index.php')
CRITICAL - 2023-12-03 04:05:37 --> Undefined variable $title
in APPPATH\Views\products\create.php on line 12.
 1 APPPATH\Views\products\create.php(12): CodeIgniter\Debug\Exceptions->errorHandler(2, 'Undefined variable $title', 'F:\\XAMPP\\htdocs\\WDPF55_CI\\CI_project\\app\\Views\\products\\create.php', 12)
 2 SYSTEMPATH\View\View.php(228): include('F:\\XAMPP\\htdocs\\WDPF55_CI\\CI_project\\app\\Views\\products\\create.php')
 3 SYSTEMPATH\View\View.php(231): CodeIgniter\View\View->CodeIgniter\View\{closure}()
 4 SYSTEMPATH\Common.php(1190): CodeIgniter\View\View->render('products/create', [], true)
 5 APPPATH\Controllers\Product.php(24): view('products/create')
 6 SYSTEMPATH\CodeIgniter.php(942): App\Controllers\Product->create()
 7 SYSTEMPATH\CodeIgniter.php(502): CodeIgniter\CodeIgniter->runController(Object(App\Controllers\Product))
 8 SYSTEMPATH\CodeIgniter.php(361): CodeIgniter\CodeIgniter->handleRequest(null, Object(Config\Cache), false)
 9 FCPATH\index.php(79): CodeIgniter\CodeIgniter->run()
10 SYSTEMPATH\Commands\Server\rewrite.php(47): require_once('F:\\XAMPP\\htdocs\\WDPF55_CI\\CI_project\\public\\index.php')
CRITICAL - 2023-12-03 04:05:37 --> Undefined variable $title
in APPPATH\Views\products\create.php on line 12.
 1 APPPATH\Views\products\create.php(12): CodeIgniter\Debug\Exceptions->errorHandler(2, 'Undefined variable $title', 'F:\\XAMPP\\htdocs\\WDPF55_CI\\CI_project\\app\\Views\\products\\create.php', 12)
 2 SYSTEMPATH\View\View.php(228): include('F:\\XAMPP\\htdocs\\WDPF55_CI\\CI_project\\app\\Views\\products\\create.php')
 3 SYSTEMPATH\View\View.php(231): CodeIgniter\View\View->CodeIgniter\View\{closure}()
 4 SYSTEMPATH\Common.php(1190): CodeIgniter\View\View->render('products/create', [], true)
 5 APPPATH\Controllers\Product.php(24): view('products/create')
 6 SYSTEMPATH\CodeIgniter.php(942): App\Controllers\Product->create()
 7 SYSTEMPATH\CodeIgniter.php(502): CodeIgniter\CodeIgniter->runController(Object(App\Controllers\Product))
 8 SYSTEMPATH\CodeIgniter.php(361): CodeIgniter\CodeIgniter->handleRequest(null, Object(Config\Cache), false)
 9 FCPATH\index.php(79): CodeIgniter\CodeIgniter->run()
10 SYSTEMPATH\Commands\Server\rewrite.php(47): require_once('F:\\XAMPP\\htdocs\\WDPF55_CI\\CI_project\\public\\index.php')
CRITICAL - 2023-12-03 04:05:38 --> Undefined variable $title
in APPPATH\Views\products\create.php on line 12.
 1 APPPATH\Views\products\create.php(12): CodeIgniter\Debug\Exceptions->errorHandler(2, 'Undefined variable $title', 'F:\\XAMPP\\htdocs\\WDPF55_CI\\CI_project\\app\\Views\\products\\create.php', 12)
 2 SYSTEMPATH\View\View.php(228): include('F:\\XAMPP\\htdocs\\WDPF55_CI\\CI_project\\app\\Views\\products\\create.php')
 3 SYSTEMPATH\View\View.php(231): CodeIgniter\View\View->CodeIgniter\View\{closure}()
 4 SYSTEMPATH\Common.php(1190): CodeIgniter\View\View->render('products/create', [], true)
 5 APPPATH\Controllers\Product.php(24): view('products/create')
 6 SYSTEMPATH\CodeIgniter.php(942): App\Controllers\Product->create()
 7 SYSTEMPATH\CodeIgniter.php(502): CodeIgniter\CodeIgniter->runController(Object(App\Controllers\Product))
 8 SYSTEMPATH\CodeIgniter.php(361): CodeIgniter\CodeIgniter->handleRequest(null, Object(Config\Cache), false)
 9 FCPATH\index.php(79): CodeIgniter\CodeIgniter->run()
10 SYSTEMPATH\Commands\Server\rewrite.php(47): require_once('F:\\XAMPP\\htdocs\\WDPF55_CI\\CI_project\\public\\index.php')
CRITICAL - 2023-12-03 04:05:38 --> Undefined variable $title
in APPPATH\Views\products\create.php on line 12.
 1 APPPATH\Views\products\create.php(12): CodeIgniter\Debug\Exceptions->errorHandler(2, 'Undefined variable $title', 'F:\\XAMPP\\htdocs\\WDPF55_CI\\CI_project\\app\\Views\\products\\create.php', 12)
 2 SYSTEMPATH\View\View.php(228): include('F:\\XAMPP\\htdocs\\WDPF55_CI\\CI_project\\app\\Views\\products\\create.php')
 3 SYSTEMPATH\View\View.php(231): CodeIgniter\View\View->CodeIgniter\View\{closure}()
 4 SYSTEMPATH\Common.php(1190): CodeIgniter\View\View->render('products/create', [], true)
 5 APPPATH\Controllers\Product.php(24): view('products/create')
 6 SYSTEMPATH\CodeIgniter.php(942): App\Controllers\Product->create()
 7 SYSTEMPATH\CodeIgniter.php(502): CodeIgniter\CodeIgniter->runController(Object(App\Controllers\Product))
 8 SYSTEMPATH\CodeIgniter.php(361): CodeIgniter\CodeIgniter->handleRequest(null, Object(Config\Cache), false)
 9 FCPATH\index.php(79): CodeIgniter\CodeIgniter->run()
10 SYSTEMPATH\Commands\Server\rewrite.php(47): require_once('F:\\XAMPP\\htdocs\\WDPF55_CI\\CI_project\\public\\index.php')
CRITICAL - 2023-12-03 04:05:38 --> Undefined variable $title
in APPPATH\Views\products\create.php on line 12.
 1 APPPATH\Views\products\create.php(12): CodeIgniter\Debug\Exceptions->errorHandler(2, 'Undefined variable $title', 'F:\\XAMPP\\htdocs\\WDPF55_CI\\CI_project\\app\\Views\\products\\create.php', 12)
 2 SYSTEMPATH\View\View.php(228): include('F:\\XAMPP\\htdocs\\WDPF55_CI\\CI_project\\app\\Views\\products\\create.php')
 3 SYSTEMPATH\View\View.php(231): CodeIgniter\View\View->CodeIgniter\View\{closure}()
 4 SYSTEMPATH\Common.php(1190): CodeIgniter\View\View->render('products/create', [], true)
 5 APPPATH\Controllers\Product.php(24): view('products/create')
 6 SYSTEMPATH\CodeIgniter.php(942): App\Controllers\Product->create()
 7 SYSTEMPATH\CodeIgniter.php(502): CodeIgniter\CodeIgniter->runController(Object(App\Controllers\Product))
 8 SYSTEMPATH\CodeIgniter.php(361): CodeIgniter\CodeIgniter->handleRequest(null, Object(Config\Cache), false)
 9 FCPATH\index.php(79): CodeIgniter\CodeIgniter->run()
10 SYSTEMPATH\Commands\Server\rewrite.php(47): require_once('F:\\XAMPP\\htdocs\\WDPF55_CI\\CI_project\\public\\index.php')
CRITICAL - 2023-12-03 04:05:46 --> Undefined variable $title
in APPPATH\Views\products\create.php on line 12.
 1 APPPATH\Views\products\create.php(12): CodeIgniter\Debug\Exceptions->errorHandler(2, 'Undefined variable $title', 'F:\\XAMPP\\htdocs\\WDPF55_CI\\CI_project\\app\\Views\\products\\create.php', 12)
 2 SYSTEMPATH\View\View.php(228): include('F:\\XAMPP\\htdocs\\WDPF55_CI\\CI_project\\app\\Views\\products\\create.php')
 3 SYSTEMPATH\View\View.php(231): CodeIgniter\View\View->CodeIgniter\View\{closure}()
 4 SYSTEMPATH\Common.php(1190): CodeIgniter\View\View->render('products/create', [], true)
 5 APPPATH\Controllers\Product.php(24): view('products/create')
 6 SYSTEMPATH\CodeIgniter.php(942): App\Controllers\Product->create()
 7 SYSTEMPATH\CodeIgniter.php(502): CodeIgniter\CodeIgniter->runController(Object(App\Controllers\Product))
 8 SYSTEMPATH\CodeIgniter.php(361): CodeIgniter\CodeIgniter->handleRequest(null, Object(Config\Cache), false)
 9 FCPATH\index.php(79): CodeIgniter\CodeIgniter->run()
10 SYSTEMPATH\Commands\Server\rewrite.php(47): require_once('F:\\XAMPP\\htdocs\\WDPF55_CI\\CI_project\\public\\index.php')
CRITICAL - 2023-12-03 04:12:01 --> Undefined variable $title
in APPPATH\Views\products\create.php on line 12.
 1 APPPATH\Views\products\create.php(12): CodeIgniter\Debug\Exceptions->errorHandler(2, 'Undefined variable $title', 'F:\\XAMPP\\htdocs\\WDPF55_CI\\CI_project\\app\\Views\\products\\create.php', 12)
 2 SYSTEMPATH\View\View.php(228): include('F:\\XAMPP\\htdocs\\WDPF55_CI\\CI_project\\app\\Views\\products\\create.php')
 3 SYSTEMPATH\View\View.php(231): CodeIgniter\View\View->CodeIgniter\View\{closure}()
 4 SYSTEMPATH\Common.php(1190): CodeIgniter\View\View->render('products/create', [], true)
 5 APPPATH\Controllers\Product.php(24): view('products/create')
 6 SYSTEMPATH\CodeIgniter.php(942): App\Controllers\Product->create()
 7 SYSTEMPATH\CodeIgniter.php(502): CodeIgniter\CodeIgniter->runController(Object(App\Controllers\Product))
 8 SYSTEMPATH\CodeIgniter.php(361): CodeIgniter\CodeIgniter->handleRequest(null, Object(Config\Cache), false)
 9 FCPATH\index.php(79): CodeIgniter\CodeIgniter->run()
10 SYSTEMPATH\Commands\Server\rewrite.php(47): require_once('F:\\XAMPP\\htdocs\\WDPF55_CI\\CI_project\\public\\index.php')
CRITICAL - 2023-12-03 04:12:51 --> Undefined variable $title
in APPPATH\Views\products\create.php on line 12.
 1 APPPATH\Views\products\create.php(12): CodeIgniter\Debug\Exceptions->errorHandler(2, 'Undefined variable $title', 'F:\\XAMPP\\htdocs\\WDPF55_CI\\CI_project\\app\\Views\\products\\create.php', 12)
 2 SYSTEMPATH\View\View.php(228): include('F:\\XAMPP\\htdocs\\WDPF55_CI\\CI_project\\app\\Views\\products\\create.php')
 3 SYSTEMPATH\View\View.php(231): CodeIgniter\View\View->CodeIgniter\View\{closure}()
 4 SYSTEMPATH\Common.php(1190): CodeIgniter\View\View->render('products/create', [], true)
 5 APPPATH\Controllers\Product.php(24): view('products/create')
 6 SYSTEMPATH\CodeIgniter.php(942): App\Controllers\Product->create()
 7 SYSTEMPATH\CodeIgniter.php(502): CodeIgniter\CodeIgniter->runController(Object(App\Controllers\Product))
 8 SYSTEMPATH\CodeIgniter.php(361): CodeIgniter\CodeIgniter->handleRequest(null, Object(Config\Cache), false)
 9 FCPATH\index.php(79): CodeIgniter\CodeIgniter->run()
10 SYSTEMPATH\Commands\Server\rewrite.php(47): require_once('F:\\XAMPP\\htdocs\\WDPF55_CI\\CI_project\\public\\index.php')
CRITICAL - 2023-12-03 04:14:07 --> Undefined variable $title
in APPPATH\Views\products\create.php on line 12.
 1 APPPATH\Views\products\create.php(12): CodeIgniter\Debug\Exceptions->errorHandler(2, 'Undefined variable $title', 'F:\\XAMPP\\htdocs\\WDPF55_CI\\CI_project\\app\\Views\\products\\create.php', 12)
 2 SYSTEMPATH\View\View.php(228): include('F:\\XAMPP\\htdocs\\WDPF55_CI\\CI_project\\app\\Views\\products\\create.php')
 3 SYSTEMPATH\View\View.php(231): CodeIgniter\View\View->CodeIgniter\View\{closure}()
 4 SYSTEMPATH\Common.php(1190): CodeIgniter\View\View->render('products/create', [], true)
 5 APPPATH\Controllers\Product.php(24): view('products/create')
 6 SYSTEMPATH\CodeIgniter.php(942): App\Controllers\Product->create()
 7 SYSTEMPATH\CodeIgniter.php(502): CodeIgniter\CodeIgniter->runController(Object(App\Controllers\Product))
 8 SYSTEMPATH\CodeIgniter.php(361): CodeIgniter\CodeIgniter->handleRequest(null, Object(Config\Cache), false)
 9 FCPATH\index.php(79): CodeIgniter\CodeIgniter->run()
10 SYSTEMPATH\Commands\Server\rewrite.php(47): require_once('F:\\XAMPP\\htdocs\\WDPF55_CI\\CI_project\\public\\index.php')
CRITICAL - 2023-12-03 04:14:16 --> Undefined variable $title
in APPPATH\Views\products\create.php on line 12.
 1 APPPATH\Views\products\create.php(12): CodeIgniter\Debug\Exceptions->errorHandler(2, 'Undefined variable $title', 'F:\\XAMPP\\htdocs\\WDPF55_CI\\CI_project\\app\\Views\\products\\create.php', 12)
 2 SYSTEMPATH\View\View.php(228): include('F:\\XAMPP\\htdocs\\WDPF55_CI\\CI_project\\app\\Views\\products\\create.php')
 3 SYSTEMPATH\View\View.php(231): CodeIgniter\View\View->CodeIgniter\View\{closure}()
 4 SYSTEMPATH\Common.php(1190): CodeIgniter\View\View->render('products/create', [], true)
 5 APPPATH\Controllers\Product.php(24): view('products/create')
 6 SYSTEMPATH\CodeIgniter.php(942): App\Controllers\Product->create()
 7 SYSTEMPATH\CodeIgniter.php(502): CodeIgniter\CodeIgniter->runController(Object(App\Controllers\Product))
 8 SYSTEMPATH\CodeIgniter.php(361): CodeIgniter\CodeIgniter->handleRequest(null, Object(Config\Cache), false)
 9 FCPATH\index.php(79): CodeIgniter\CodeIgniter->run()
10 SYSTEMPATH\Commands\Server\rewrite.php(47): require_once('F:\\XAMPP\\htdocs\\WDPF55_CI\\CI_project\\public\\index.php')
CRITICAL - 2023-12-03 04:16:16 --> Undefined variable $title
in APPPATH\Views\products\create.php on line 12.
 1 APPPATH\Views\products\create.php(12): CodeIgniter\Debug\Exceptions->errorHandler(2, 'Undefined variable $title', 'F:\\XAMPP\\htdocs\\WDPF55_CI\\CI_project\\app\\Views\\products\\create.php', 12)
 2 SYSTEMPATH\View\View.php(228): include('F:\\XAMPP\\htdocs\\WDPF55_CI\\CI_project\\app\\Views\\products\\create.php')
 3 SYSTEMPATH\View\View.php(231): CodeIgniter\View\View->CodeIgniter\View\{closure}()
 4 SYSTEMPATH\Common.php(1190): CodeIgniter\View\View->render('products/create', [], true)
 5 APPPATH\Controllers\Product.php(24): view('products/create')
 6 SYSTEMPATH\CodeIgniter.php(942): App\Controllers\Product->create()
 7 SYSTEMPATH\CodeIgniter.php(502): CodeIgniter\CodeIgniter->runController(Object(App\Controllers\Product))
 8 SYSTEMPATH\CodeIgniter.php(361): CodeIgniter\CodeIgniter->handleRequest(null, Object(Config\Cache), false)
 9 FCPATH\index.php(79): CodeIgniter\CodeIgniter->run()
10 SYSTEMPATH\Commands\Server\rewrite.php(47): require_once('F:\\XAMPP\\htdocs\\WDPF55_CI\\CI_project\\public\\index.php')
CRITICAL - 2023-12-03 04:17:10 --> Undefined variable $title
in APPPATH\Views\products\create.php on line 12.
 1 APPPATH\Views\products\create.php(12): CodeIgniter\Debug\Exceptions->errorHandler(2, 'Undefined variable $title', 'F:\\XAMPP\\htdocs\\WDPF55_CI\\CI_project\\app\\Views\\products\\create.php', 12)
 2 SYSTEMPATH\View\View.php(228): include('F:\\XAMPP\\htdocs\\WDPF55_CI\\CI_project\\app\\Views\\products\\create.php')
 3 SYSTEMPATH\View\View.php(231): CodeIgniter\View\View->CodeIgniter\View\{closure}()
 4 SYSTEMPATH\Common.php(1190): CodeIgniter\View\View->render('products/create', [], true)
 5 APPPATH\Controllers\Product.php(24): view('products/create')
 6 SYSTEMPATH\CodeIgniter.php(942): App\Controllers\Product->create()
 7 SYSTEMPATH\CodeIgniter.php(502): CodeIgniter\CodeIgniter->runController(Object(App\Controllers\Product))
 8 SYSTEMPATH\CodeIgniter.php(361): CodeIgniter\CodeIgniter->handleRequest(null, Object(Config\Cache), false)
 9 FCPATH\index.php(79): CodeIgniter\CodeIgniter->run()
10 SYSTEMPATH\Commands\Server\rewrite.php(47): require_once('F:\\XAMPP\\htdocs\\WDPF55_CI\\CI_project\\public\\index.php')
CRITICAL - 2023-12-03 04:19:18 --> Undefined variable $title
in APPPATH\Views\products\create.php on line 12.
 1 APPPATH\Views\products\create.php(12): CodeIgniter\Debug\Exceptions->errorHandler(2, 'Undefined variable $title', 'F:\\XAMPP\\htdocs\\WDPF55_CI\\CI_project\\app\\Views\\products\\create.php', 12)
 2 SYSTEMPATH\View\View.php(228): include('F:\\XAMPP\\htdocs\\WDPF55_CI\\CI_project\\app\\Views\\products\\create.php')
 3 SYSTEMPATH\View\View.php(231): CodeIgniter\View\View->CodeIgniter\View\{closure}()
 4 SYSTEMPATH\Common.php(1190): CodeIgniter\View\View->render('products/create', [], true)
 5 APPPATH\Controllers\Product.php(24): view('products/create')
 6 SYSTEMPATH\CodeIgniter.php(942): App\Controllers\Product->create()
 7 SYSTEMPATH\CodeIgniter.php(502): CodeIgniter\CodeIgniter->runController(Object(App\Controllers\Product))
 8 SYSTEMPATH\CodeIgniter.php(361): CodeIgniter\CodeIgniter->handleRequest(null, Object(Config\Cache), false)
 9 FCPATH\index.php(79): CodeIgniter\CodeIgniter->run()
10 SYSTEMPATH\Commands\Server\rewrite.php(47): require_once('F:\\XAMPP\\htdocs\\WDPF55_CI\\CI_project\\public\\index.php')
CRITICAL - 2023-12-03 04:19:40 --> Undefined variable $title
in APPPATH\Views\products\create.php on line 12.
 1 APPPATH\Views\products\create.php(12): CodeIgniter\Debug\Exceptions->errorHandler(2, 'Undefined variable $title', 'F:\\XAMPP\\htdocs\\WDPF55_CI\\CI_project\\app\\Views\\products\\create.php', 12)
 2 SYSTEMPATH\View\View.php(228): include('F:\\XAMPP\\htdocs\\WDPF55_CI\\CI_project\\app\\Views\\products\\create.php')
 3 SYSTEMPATH\View\View.php(231): CodeIgniter\View\View->CodeIgniter\View\{closure}()
 4 SYSTEMPATH\Common.php(1190): CodeIgniter\View\View->render('products/create', [], true)
 5 APPPATH\Controllers\Product.php(24): view('products/create')
 6 SYSTEMPATH\CodeIgniter.php(942): App\Controllers\Product->create()
 7 SYSTEMPATH\CodeIgniter.php(502): CodeIgniter\CodeIgniter->runController(Object(App\Controllers\Product))
 8 SYSTEMPATH\CodeIgniter.php(361): CodeIgniter\CodeIgniter->handleRequest(null, Object(Config\Cache), false)
 9 FCPATH\index.php(79): CodeIgniter\CodeIgniter->run()
10 SYSTEMPATH\Commands\Server\rewrite.php(47): require_once('F:\\XAMPP\\htdocs\\WDPF55_CI\\CI_project\\public\\index.php')
CRITICAL - 2023-12-03 04:36:20 --> syntax error, unexpected token "}", expecting ";"
in APPPATH\Controllers\Product.php on line 29.
 1 SYSTEMPATH\Autoloader\Autoloader.php(291): CodeIgniter\Autoloader\Autoloader->includeFile('F:\\XAMPP\\htdocs\\WDPF55_CI\\CI_project\\app\\Controllers\\Product.php')
 2 SYSTEMPATH\Autoloader\Autoloader.php(269): CodeIgniter\Autoloader\Autoloader->loadInNamespace('App\\Controllers\\Product')
 3 [internal function]: CodeIgniter\Autoloader\Autoloader->loadClass('App\\Controllers\\Product')
 4 SYSTEMPATH\CodeIgniter.php(900): class_exists('\\App\\Controllers\\Product', true)
 5 SYSTEMPATH\CodeIgniter.php(489): CodeIgniter\CodeIgniter->startController()
 6 SYSTEMPATH\CodeIgniter.php(361): CodeIgniter\CodeIgniter->handleRequest(null, Object(Config\Cache), false)
 7 FCPATH\index.php(79): CodeIgniter\CodeIgniter->run()
 8 SYSTEMPATH\Commands\Server\rewrite.php(47): require_once('F:\\XAMPP\\htdocs\\WDPF55_CI\\CI_project\\public\\index.php')
ERROR - 2023-12-03 04:57:22 --> mysqli_sql_exception: Column 'product' cannot be null in F:\XAMPP\htdocs\WDPF55_CI\CI_project\system\Database\MySQLi\Connection.php:306
Stack trace:
#0 F:\XAMPP\htdocs\WDPF55_CI\CI_project\system\Database\MySQLi\Connection.php(306): mysqli->query('INSERT INTO `pr...', 0)
#1 F:\XAMPP\htdocs\WDPF55_CI\CI_project\system\Database\BaseConnection.php(693): CodeIgniter\Database\MySQLi\Connection->execute('INSERT INTO `pr...')
#2 F:\XAMPP\htdocs\WDPF55_CI\CI_project\system\Database\BaseConnection.php(607): CodeIgniter\Database\BaseConnection->simpleQuery('INSERT INTO `pr...')
#3 F:\XAMPP\htdocs\WDPF55_CI\CI_project\system\Database\BaseBuilder.php(2308): CodeIgniter\Database\BaseConnection->query('INSERT INTO `pr...', Array, false)
#4 F:\XAMPP\htdocs\WDPF55_CI\CI_project\system\Model.php(319): CodeIgniter\Database\BaseBuilder->insert()
#5 F:\XAMPP\htdocs\WDPF55_CI\CI_project\system\BaseModel.php(788): CodeIgniter\Model->doInsert(Array)
#6 F:\XAMPP\htdocs\WDPF55_CI\CI_project\system\Model.php(715): CodeIgniter\BaseModel->insert(Array, true)
#7 F:\XAMPP\htdocs\WDPF55_CI\CI_project\app\Controllers\Product.php(37): CodeIgniter\Model->insert(Array)
#8 F:\XAMPP\htdocs\WDPF55_CI\CI_project\system\CodeIgniter.php(942): App\Controllers\Product->store()
#9 F:\XAMPP\htdocs\WDPF55_CI\CI_project\system\CodeIgniter.php(502): CodeIgniter\CodeIgniter->runController(Object(App\Controllers\Product))
#10 F:\XAMPP\htdocs\WDPF55_CI\CI_project\system\CodeIgniter.php(361): CodeIgniter\CodeIgniter->handleRequest(NULL, Object(Config\Cache), false)
#11 F:\XAMPP\htdocs\WDPF55_CI\CI_project\public\index.php(79): CodeIgniter\CodeIgniter->run()
#12 F:\XAMPP\htdocs\WDPF55_CI\CI_project\system\Commands\Server\rewrite.php(47): require_once('F:\\XAMPP\\htdocs...')
#13 {main}
CRITICAL - 2023-12-03 04:57:22 --> Column 'product' cannot be null
in SYSTEMPATH\Database\BaseConnection.php on line 647.
 1 SYSTEMPATH\Database\BaseBuilder.php(2308): CodeIgniter\Database\BaseConnection->query('INSERT INTO `products` (`product`, `category`, `price`, `sku`, `model`) VALUES (:product:, :category:, :price:, :sku:, :model:)', [...], false)
 2 SYSTEMPATH\Model.php(319): CodeIgniter\Database\BaseBuilder->insert()
 3 SYSTEMPATH\BaseModel.php(788): CodeIgniter\Model->doInsert([...])
 4 SYSTEMPATH\Model.php(715): CodeIgniter\BaseModel->insert([...], true)
 5 APPPATH\Controllers\Product.php(37): CodeIgniter\Model->insert([...])
 6 SYSTEMPATH\CodeIgniter.php(942): App\Controllers\Product->store()
 7 SYSTEMPATH\CodeIgniter.php(502): CodeIgniter\CodeIgniter->runController(Object(App\Controllers\Product))
 8 SYSTEMPATH\CodeIgniter.php(361): CodeIgniter\CodeIgniter->handleRequest(null, Object(Config\Cache), false)
 9 FCPATH\index.php(79): CodeIgniter\CodeIgniter->run()
10 SYSTEMPATH\Commands\Server\rewrite.php(47): require_once('F:\\XAMPP\\htdocs\\WDPF55_CI\\CI_project\\public\\index.php')
CRITICAL - 2023-12-03 06:33:13 --> Invalid file: "Product/create.php"
in SYSTEMPATH\Exceptions\FrameworkException.php on line 39.
 1 SYSTEMPATH\View\View.php(216): CodeIgniter\Exceptions\FrameworkException::forInvalidFile('Product/create.php')
 2 SYSTEMPATH\Common.php(1190): CodeIgniter\View\View->render('Product/create', [], true)
 3 APPPATH\Controllers\Product.php(42): view('Product/create')
 4 SYSTEMPATH\CodeIgniter.php(942): App\Controllers\Product->store()
 5 SYSTEMPATH\CodeIgniter.php(502): CodeIgniter\CodeIgniter->runController(Object(App\Controllers\Product))
 6 SYSTEMPATH\CodeIgniter.php(361): CodeIgniter\CodeIgniter->handleRequest(null, Object(Config\Cache), false)
 7 FCPATH\index.php(79): CodeIgniter\CodeIgniter->run()
 8 SYSTEMPATH\Commands\Server\rewrite.php(47): require_once('F:\\XAMPP\\htdocs\\WDPF55_CI\\CI_project\\public\\index.php')
CRITICAL - 2023-12-03 06:34:14 --> Invalid file: "Product/create.php"
in SYSTEMPATH\Exceptions\FrameworkException.php on line 39.
 1 SYSTEMPATH\View\View.php(216): CodeIgniter\Exceptions\FrameworkException::forInvalidFile('Product/create.php')
 2 SYSTEMPATH\Common.php(1190): CodeIgniter\View\View->render('Product/create', [], true)
 3 APPPATH\Controllers\Product.php(42): view('Product/create')
 4 SYSTEMPATH\CodeIgniter.php(942): App\Controllers\Product->store()
 5 SYSTEMPATH\CodeIgniter.php(502): CodeIgniter\CodeIgniter->runController(Object(App\Controllers\Product))
 6 SYSTEMPATH\CodeIgniter.php(361): CodeIgniter\CodeIgniter->handleRequest(null, Object(Config\Cache), false)
 7 FCPATH\index.php(79): CodeIgniter\CodeIgniter->run()
 8 SYSTEMPATH\Commands\Server\rewrite.php(47): require_once('F:\\XAMPP\\htdocs\\WDPF55_CI\\CI_project\\public\\index.php')
CRITICAL - 2023-12-03 06:35:40 --> Invalid file: "Product/create.php"
in SYSTEMPATH\Exceptions\FrameworkException.php on line 39.
 1 SYSTEMPATH\View\View.php(216): CodeIgniter\Exceptions\FrameworkException::forInvalidFile('Product/create.php')
 2 SYSTEMPATH\Common.php(1190): CodeIgniter\View\View->render('Product/create', [], true)
 3 APPPATH\Controllers\Product.php(42): view('Product/create')
 4 SYSTEMPATH\CodeIgniter.php(942): App\Controllers\Product->store()
 5 SYSTEMPATH\CodeIgniter.php(502): CodeIgniter\CodeIgniter->runController(Object(App\Controllers\Product))
 6 SYSTEMPATH\CodeIgniter.php(361): CodeIgniter\CodeIgniter->handleRequest(null, Object(Config\Cache), false)
 7 FCPATH\index.php(79): CodeIgniter\CodeIgniter->run()
 8 SYSTEMPATH\Commands\Server\rewrite.php(47): require_once('F:\\XAMPP\\htdocs\\WDPF55_CI\\CI_project\\public\\index.php')
CRITICAL - 2023-12-03 06:36:04 --> Invalid file: "Product/create.php"
in SYSTEMPATH\Exceptions\FrameworkException.php on line 39.
 1 SYSTEMPATH\View\View.php(216): CodeIgniter\Exceptions\FrameworkException::forInvalidFile('Product/create.php')
 2 SYSTEMPATH\Common.php(1190): CodeIgniter\View\View->render('Product/create', [], true)
 3 APPPATH\Controllers\Product.php(42): view('Product/create')
 4 SYSTEMPATH\CodeIgniter.php(942): App\Controllers\Product->store()
 5 SYSTEMPATH\CodeIgniter.php(502): CodeIgniter\CodeIgniter->runController(Object(App\Controllers\Product))
 6 SYSTEMPATH\CodeIgniter.php(361): CodeIgniter\CodeIgniter->handleRequest(null, Object(Config\Cache), false)
 7 FCPATH\index.php(79): CodeIgniter\CodeIgniter->run()
 8 SYSTEMPATH\Commands\Server\rewrite.php(47): require_once('F:\\XAMPP\\htdocs\\WDPF55_CI\\CI_project\\public\\index.php')
CRITICAL - 2023-12-03 06:56:15 --> strpos(): Argument #3 ($offset) must be contained in argument #1 ($haystack)
in SYSTEMPATH\Validation\Validation.php on line 935.
 1 SYSTEMPATH\Validation\Validation.php(935): strpos('required|numeric]|min_length[7]', '|', 32)
 2 SYSTEMPATH\Validation\Validation.php(578): CodeIgniter\Validation\Validation->splitRules([...])
 3 SYSTEMPATH\Controller.php(196): CodeIgniter\Validation\Validation->setRules([...], [])
 4 SYSTEMPATH\Controller.php(150): CodeIgniter\Controller->setValidator([...], [])
 5 APPPATH\Controllers\Product.php(46): CodeIgniter\Controller->validate([...])
 6 SYSTEMPATH\CodeIgniter.php(942): App\Controllers\Product->store()
 7 SYSTEMPATH\CodeIgniter.php(502): CodeIgniter\CodeIgniter->runController(Object(App\Controllers\Product))
 8 SYSTEMPATH\CodeIgniter.php(361): CodeIgniter\CodeIgniter->handleRequest(null, Object(Config\Cache), false)
 9 FCPATH\index.php(79): CodeIgniter\CodeIgniter->run()
10 SYSTEMPATH\Commands\Server\rewrite.php(47): require_once('F:\\XAMPP\\htdocs\\WDPF55_CI\\CI_project\\public\\index.php')
CRITICAL - 2023-12-03 06:56:20 --> strpos(): Argument #3 ($offset) must be contained in argument #1 ($haystack)
in SYSTEMPATH\Validation\Validation.php on line 935.
 1 SYSTEMPATH\Validation\Validation.php(935): strpos('required|numeric]|min_length[7]', '|', 32)
 2 SYSTEMPATH\Validation\Validation.php(578): CodeIgniter\Validation\Validation->splitRules([...])
 3 SYSTEMPATH\Controller.php(196): CodeIgniter\Validation\Validation->setRules([...], [])
 4 SYSTEMPATH\Controller.php(150): CodeIgniter\Controller->setValidator([...], [])
 5 APPPATH\Controllers\Product.php(46): CodeIgniter\Controller->validate([...])
 6 SYSTEMPATH\CodeIgniter.php(942): App\Controllers\Product->store()
 7 SYSTEMPATH\CodeIgniter.php(502): CodeIgniter\CodeIgniter->runController(Object(App\Controllers\Product))
 8 SYSTEMPATH\CodeIgniter.php(361): CodeIgniter\CodeIgniter->handleRequest(null, Object(Config\Cache), false)
 9 FCPATH\index.php(79): CodeIgniter\CodeIgniter->run()
10 SYSTEMPATH\Commands\Server\rewrite.php(47): require_once('F:\\XAMPP\\htdocs\\WDPF55_CI\\CI_project\\public\\index.php')
CRITICAL - 2023-12-03 07:02:39 --> strpos(): Argument #3 ($offset) must be contained in argument #1 ($haystack)
in SYSTEMPATH\Validation\Validation.php on line 935.
 1 SYSTEMPATH\Validation\Validation.php(935): strpos('required|numeric]|min_length[7]', '|', 32)
 2 SYSTEMPATH\Validation\Validation.php(578): CodeIgniter\Validation\Validation->splitRules([...])
 3 SYSTEMPATH\Controller.php(196): CodeIgniter\Validation\Validation->setRules([...], [])
 4 SYSTEMPATH\Controller.php(150): CodeIgniter\Controller->setValidator([...], [])
 5 APPPATH\Controllers\Product.php(46): CodeIgniter\Controller->validate([...])
 6 SYSTEMPATH\CodeIgniter.php(942): App\Controllers\Product->store()
 7 SYSTEMPATH\CodeIgniter.php(502): CodeIgniter\CodeIgniter->runController(Object(App\Controllers\Product))
 8 SYSTEMPATH\CodeIgniter.php(361): CodeIgniter\CodeIgniter->handleRequest(null, Object(Config\Cache), false)
 9 FCPATH\index.php(79): CodeIgniter\CodeIgniter->run()
10 SYSTEMPATH\Commands\Server\rewrite.php(47): require_once('F:\\XAMPP\\htdocs\\WDPF55_CI\\CI_project\\public\\index.php')
CRITICAL - 2023-12-03 07:08:05 --> strpos(): Argument #3 ($offset) must be contained in argument #1 ($haystack)
in SYSTEMPATH\Validation\Validation.php on line 935.
 1 SYSTEMPATH\Validation\Validation.php(935): strpos('required|numeric]|min_length[7]', '|', 32)
 2 SYSTEMPATH\Validation\Validation.php(578): CodeIgniter\Validation\Validation->splitRules([...])
 3 SYSTEMPATH\Controller.php(196): CodeIgniter\Validation\Validation->setRules([...], [])
 4 SYSTEMPATH\Controller.php(150): CodeIgniter\Controller->setValidator([...], [])
 5 APPPATH\Controllers\Product.php(46): CodeIgniter\Controller->validate([...])
 6 SYSTEMPATH\CodeIgniter.php(942): App\Controllers\Product->store()
 7 SYSTEMPATH\CodeIgniter.php(502): CodeIgniter\CodeIgniter->runController(Object(App\Controllers\Product))
 8 SYSTEMPATH\CodeIgniter.php(361): CodeIgniter\CodeIgniter->handleRequest(null, Object(Config\Cache), false)
 9 FCPATH\index.php(79): CodeIgniter\CodeIgniter->run()
10 SYSTEMPATH\Commands\Server\rewrite.php(47): require_once('F:\\XAMPP\\htdocs\\WDPF55_CI\\CI_project\\public\\index.php')
CRITICAL - 2023-12-03 07:08:10 --> strpos(): Argument #3 ($offset) must be contained in argument #1 ($haystack)
in SYSTEMPATH\Validation\Validation.php on line 935.
 1 SYSTEMPATH\Validation\Validation.php(935): strpos('required|numeric]|min_length[7]', '|', 32)
 2 SYSTEMPATH\Validation\Validation.php(578): CodeIgniter\Validation\Validation->splitRules([...])
 3 SYSTEMPATH\Controller.php(196): CodeIgniter\Validation\Validation->setRules([...], [])
 4 SYSTEMPATH\Controller.php(150): CodeIgniter\Controller->setValidator([...], [])
 5 APPPATH\Controllers\Product.php(46): CodeIgniter\Controller->validate([...])
 6 SYSTEMPATH\CodeIgniter.php(942): App\Controllers\Product->store()
 7 SYSTEMPATH\CodeIgniter.php(502): CodeIgniter\CodeIgniter->runController(Object(App\Controllers\Product))
 8 SYSTEMPATH\CodeIgniter.php(361): CodeIgniter\CodeIgniter->handleRequest(null, Object(Config\Cache), false)
 9 FCPATH\index.php(79): CodeIgniter\CodeIgniter->run()
10 SYSTEMPATH\Commands\Server\rewrite.php(47): require_once('F:\\XAMPP\\htdocs\\WDPF55_CI\\CI_project\\public\\index.php')
CRITICAL - 2023-12-03 07:09:05 --> strpos(): Argument #3 ($offset) must be contained in argument #1 ($haystack)
in SYSTEMPATH\Validation\Validation.php on line 935.
 1 SYSTEMPATH\Validation\Validation.php(935): strpos('required|numeric]|min_length[7]', '|', 32)
 2 SYSTEMPATH\Validation\Validation.php(578): CodeIgniter\Validation\Validation->splitRules([...])
 3 SYSTEMPATH\Controller.php(196): CodeIgniter\Validation\Validation->setRules([...], [])
 4 SYSTEMPATH\Controller.php(150): CodeIgniter\Controller->setValidator([...], [])
 5 APPPATH\Controllers\Product.php(46): CodeIgniter\Controller->validate([...])
 6 SYSTEMPATH\CodeIgniter.php(942): App\Controllers\Product->store()
 7 SYSTEMPATH\CodeIgniter.php(502): CodeIgniter\CodeIgniter->runController(Object(App\Controllers\Product))
 8 SYSTEMPATH\CodeIgniter.php(361): CodeIgniter\CodeIgniter->handleRequest(null, Object(Config\Cache), false)
 9 FCPATH\index.php(79): CodeIgniter\CodeIgniter->run()
10 SYSTEMPATH\Commands\Server\rewrite.php(47): require_once('F:\\XAMPP\\htdocs\\WDPF55_CI\\CI_project\\public\\index.php')
CRITICAL - 2023-12-03 07:12:08 --> strpos(): Argument #3 ($offset) must be contained in argument #1 ($haystack)
in SYSTEMPATH\Validation\Validation.php on line 935.
 1 SYSTEMPATH\Validation\Validation.php(935): strpos('required|numeric]|min_length[7]', '|', 32)
 2 SYSTEMPATH\Validation\Validation.php(578): CodeIgniter\Validation\Validation->splitRules([...])
 3 SYSTEMPATH\Controller.php(196): CodeIgniter\Validation\Validation->setRules([...], [])
 4 SYSTEMPATH\Controller.php(150): CodeIgniter\Controller->setValidator([...], [])
 5 APPPATH\Controllers\Product.php(46): CodeIgniter\Controller->validate([...])
 6 SYSTEMPATH\CodeIgniter.php(942): App\Controllers\Product->store()
 7 SYSTEMPATH\CodeIgniter.php(502): CodeIgniter\CodeIgniter->runController(Object(App\Controllers\Product))
 8 SYSTEMPATH\CodeIgniter.php(361): CodeIgniter\CodeIgniter->handleRequest(null, Object(Config\Cache), false)
 9 FCPATH\index.php(79): CodeIgniter\CodeIgniter->run()
10 SYSTEMPATH\Commands\Server\rewrite.php(47): require_once('F:\\XAMPP\\htdocs\\WDPF55_CI\\CI_project\\public\\index.php')
CRITICAL - 2023-12-03 07:12:28 --> strpos(): Argument #3 ($offset) must be contained in argument #1 ($haystack)
in SYSTEMPATH\Validation\Validation.php on line 935.
 1 SYSTEMPATH\Validation\Validation.php(935): strpos('required|numeric]|min_length[7]', '|', 32)
 2 SYSTEMPATH\Validation\Validation.php(578): CodeIgniter\Validation\Validation->splitRules([...])
 3 SYSTEMPATH\Controller.php(196): CodeIgniter\Validation\Validation->setRules([...], [])
 4 SYSTEMPATH\Controller.php(150): CodeIgniter\Controller->setValidator([...], [])
 5 APPPATH\Controllers\Product.php(46): CodeIgniter\Controller->validate([...])
 6 SYSTEMPATH\CodeIgniter.php(942): App\Controllers\Product->store()
 7 SYSTEMPATH\CodeIgniter.php(502): CodeIgniter\CodeIgniter->runController(Object(App\Controllers\Product))
 8 SYSTEMPATH\CodeIgniter.php(361): CodeIgniter\CodeIgniter->handleRequest(null, Object(Config\Cache), false)
 9 FCPATH\index.php(79): CodeIgniter\CodeIgniter->run()
10 SYSTEMPATH\Commands\Server\rewrite.php(47): require_once('F:\\XAMPP\\htdocs\\WDPF55_CI\\CI_project\\public\\index.php')
CRITICAL - 2023-12-03 07:16:00 --> strpos(): Argument #3 ($offset) must be contained in argument #1 ($haystack)
in SYSTEMPATH\Validation\Validation.php on line 935.
 1 SYSTEMPATH\Validation\Validation.php(935): strpos('required|numeric]|min_length[7]', '|', 32)
 2 SYSTEMPATH\Validation\Validation.php(578): CodeIgniter\Validation\Validation->splitRules([...])
 3 SYSTEMPATH\Controller.php(196): CodeIgniter\Validation\Validation->setRules([...], [])
 4 SYSTEMPATH\Controller.php(150): CodeIgniter\Controller->setValidator([...], [])
 5 APPPATH\Controllers\Product.php(46): CodeIgniter\Controller->validate([...])
 6 SYSTEMPATH\CodeIgniter.php(942): App\Controllers\Product->store()
 7 SYSTEMPATH\CodeIgniter.php(502): CodeIgniter\CodeIgniter->runController(Object(App\Controllers\Product))
 8 SYSTEMPATH\CodeIgniter.php(361): CodeIgniter\CodeIgniter->handleRequest(null, Object(Config\Cache), false)
 9 FCPATH\index.php(79): CodeIgniter\CodeIgniter->run()
10 SYSTEMPATH\Commands\Server\rewrite.php(47): require_once('F:\\XAMPP\\htdocs\\WDPF55_CI\\CI_project\\public\\index.php')
